Sat May 14 17:42:08 CDT 2016
Sat May 14 17:42:08 CDT 2016 DataR12S0p10T0Apr_27_1111.root 
Sat May 14 17:42:33 CDT 2016 DataR12S0p11T0Apr_27_1115.root 
Sat May 14 17:42:56 CDT 2016 DataR12S0p12T0Apr_27_1120.root 
Sat May 14 17:43:19 CDT 2016 DataR12S0p13T0Apr_27_1124.root 
Sat May 14 17:43:42 CDT 2016 DataR12S0p14T0Apr_27_1128.root 
Sat May 14 17:44:06 CDT 2016 DataR12S0p15T0Apr_27_1133.root 
Sat May 14 17:44:28 CDT 2016 DataR12S0p16T0Apr_27_1137.root 
Sat May 14 17:44:53 CDT 2016 DataR12S0p17T0Apr_27_1141.root 
Sat May 14 17:45:16 CDT 2016 DataR12S0p18T0Apr_27_1145.root 
Sat May 14 17:45:39 CDT 2016 DataR12S0p19T0Apr_27_1150.root 
Sat May 14 17:46:03 CDT 2016 DataR12S0p1T0Apr_27_1033.root 
Sat May 14 17:46:25 CDT 2016 DataR12S0p20T0Apr_27_1154.root 
Sat May 14 17:46:49 CDT 2016 DataR12S0p21T0Apr_27_1158.root 
Sat May 14 17:47:12 CDT 2016 DataR12S0p22T0Apr_27_1202.root 
Sat May 14 17:47:36 CDT 2016 DataR12S0p23T0Apr_27_1207.root 
Sat May 14 17:48:00 CDT 2016 DataR12S0p24T0Apr_27_1211.root 
Sat May 14 17:48:23 CDT 2016 DataR12S0p25T0Apr_27_1215.root 
Sat May 14 17:48:46 CDT 2016 DataR12S0p26T0Apr_27_1220.root 
Sat May 14 17:49:12 CDT 2016 DataR12S0p27T0Apr_27_1220.root 
Sat May 14 17:49:14 CDT 2016 DataR12S0p2T0Apr_27_1037.root 
Sat May 14 17:49:39 CDT 2016 DataR12S0p3T0Apr_27_1041.root 
Sat May 14 17:50:09 CDT 2016 DataR12S0p4T0Apr_27_1046.root 
Sat May 14 17:50:37 CDT 2016 DataR12S0p5T0Apr_27_1050.root 
Sat May 14 17:51:03 CDT 2016 DataR12S0p6T0Apr_27_1054.root 
Sat May 14 17:51:27 CDT 2016 DataR12S0p7T0Apr_27_1058.root 
Sat May 14 17:51:51 CDT 2016 DataR12S0p8T0Apr_27_1103.root 
Sat May 14 17:52:14 CDT 2016 DataR12S0p9T0Apr_27_1107.root 
Sat May 14 17:52:43 CDT 2016 DataR12S1p0T0Apr_27_1242.root 
Sat May 14 17:53:09 CDT 2016 DataR12S1p1T0Apr_27_1247.root 
Sat May 14 17:53:24 CDT 2016 DataR12S2p0T0Apr_27_1253.root 
Sat May 14 17:53:47 CDT 2016 DataR12S2p10T0Apr_27_1336.root 
Sat May 14 17:54:11 CDT 2016 DataR12S2p11T0Apr_27_1340.root 
Sat May 14 17:54:34 CDT 2016 DataR12S2p12T0Apr_27_1345.root 
Sat May 14 17:54:59 CDT 2016 DataR12S2p13T0Apr_27_1349.root 
Sat May 14 17:55:23 CDT 2016 DataR12S2p14T0Apr_27_1353.root 
Sat May 14 17:55:44 CDT 2016 DataR12S2p15T0Apr_27_1357.root 
Sat May 14 17:56:10 CDT 2016 DataR12S2p16T0Apr_27_1402.root 
Sat May 14 17:56:39 CDT 2016 DataR12S2p17T0Apr_27_1406.root 
Sat May 14 17:57:01 CDT 2016 DataR12S2p18T0Apr_27_1410.root 
Sat May 14 17:57:24 CDT 2016 DataR12S2p19T0Apr_27_1415.root 
Sat May 14 17:57:45 CDT 2016 DataR12S2p1T0Apr_27_1258.root 
Sat May 14 17:58:07 CDT 2016 DataR12S2p20T0Apr_27_1419.root 
Sat May 14 17:58:30 CDT 2016 DataR12S2p21T0Apr_27_1423.root 
Sat May 14 17:58:53 CDT 2016 DataR12S2p22T0Apr_27_1427.root 
Sat May 14 17:59:15 CDT 2016 DataR12S2p23T0Apr_27_1506.root 
Sat May 14 17:59:32 CDT 2016 DataR12S2p2T0Apr_27_1302.root 
Sat May 14 17:59:54 CDT 2016 DataR12S2p3T0Apr_27_1306.root 
Sat May 14 18:00:21 CDT 2016 DataR12S2p4T0Apr_27_1310.root 
Sat May 14 18:00:47 CDT 2016 DataR12S2p5T0Apr_27_1315.root 
Sat May 14 18:01:10 CDT 2016 DataR12S2p6T0Apr_27_1319.root 
Sat May 14 18:01:38 CDT 2016 DataR12S2p7T0Apr_27_1323.root 
Sat May 14 18:02:06 CDT 2016 DataR12S2p8T0Apr_27_1328.root 
Sat May 14 18:02:31 CDT 2016 DataR12S2p9T0Apr_27_1332.root 
Sat May 14 18:02:56 CDT 2016 DataR12S3p0T0Apr_27_1512.root 
Sat May 14 18:03:23 CDT 2016 DataR12S3p10T0Apr_27_1555.root 
Sat May 14 18:03:44 CDT 2016 DataR12S3p11T0Apr_27_1559.root 
Sat May 14 18:04:07 CDT 2016 DataR12S3p12T0Apr_27_1603.root 
Sat May 14 18:04:31 CDT 2016 DataR12S3p13T0Apr_27_1608.root 
Sat May 14 18:05:10 CDT 2016 DataR12S3p14T0Apr_27_1612.root 
Sat May 14 18:05:32 CDT 2016 DataR12S3p15T0Apr_27_1616.root 
Sat May 14 18:05:55 CDT 2016 DataR12S3p16T0Apr_27_1620.root 
Sat May 14 18:06:18 CDT 2016 DataR12S3p17T0Apr_27_1625.root 
Sat May 14 18:06:41 CDT 2016 DataR12S3p18T0Apr_27_1629.root 
Sat May 14 18:07:03 CDT 2016 DataR12S3p19T0Apr_27_1633.root 
Sat May 14 18:07:42 CDT 2016 DataR12S3p1T0Apr_27_1516.root 
Sat May 14 18:08:04 CDT 2016 DataR12S3p20T0Apr_27_1638.root 
Sat May 14 18:08:27 CDT 2016 DataR12S3p21T0Apr_27_1642.root 
Sat May 14 18:08:50 CDT 2016 DataR12S3p22T0Apr_27_1642.root 
Sat May 14 18:08:52 CDT 2016 DataR12S3p2T0Apr_27_1521.root 
Sat May 14 18:09:14 CDT 2016 DataR12S3p3T0Apr_27_1525.root 
Sat May 14 18:09:37 CDT 2016 DataR12S3p4T0Apr_27_1529.root 
Sat May 14 18:10:00 CDT 2016 DataR12S3p5T0Apr_27_1533.root 
Sat May 14 18:10:22 CDT 2016 DataR12S3p6T0Apr_27_1538.root 
Sat May 14 18:10:45 CDT 2016 DataR12S3p7T0Apr_27_1542.root 
Sat May 14 18:11:07 CDT 2016 DataR12S3p8T0Apr_27_1546.root 
Sat May 14 18:11:30 CDT 2016 DataR12S3p9T0Apr_27_1551.root 
Sat May 14 18:11:52 CDT 2016 DataR12S4p0T0Apr_27_1656.root 
Sat May 14 18:12:15 CDT 2016 DataR12S4p10T0Apr_27_1739.root 
Sat May 14 18:12:37 CDT 2016 DataR12S4p11T0Apr_27_1743.root 
Sat May 14 18:12:59 CDT 2016 DataR12S4p12T0Apr_27_1747.root 
Sat May 14 18:13:21 CDT 2016 DataR12S4p13T0Apr_27_1751.root 
Sat May 14 18:13:43 CDT 2016 DataR12S4p14T0Apr_27_1756.root 
Sat May 14 18:14:06 CDT 2016 DataR12S4p15T0Apr_27_1800.root 
Sat May 14 18:14:28 CDT 2016 DataR12S4p16T0Apr_27_1804.root 
Sat May 14 18:14:53 CDT 2016 DataR12S4p17T0Apr_27_1808.root 
Sat May 14 18:15:15 CDT 2016 DataR12S4p18T0Apr_27_1813.root 
Sat May 14 18:15:53 CDT 2016 DataR12S4p19T0Apr_27_1817.root 
Sat May 14 18:16:16 CDT 2016 DataR12S4p1T0Apr_27_1700.root 
Sat May 14 18:16:41 CDT 2016 DataR12S4p20T0Apr_27_1820.root 
Sat May 14 18:17:13 CDT 2016 DataR12S4p2T0Apr_27_1704.root 
Sat May 14 18:17:35 CDT 2016 DataR12S4p3T0Apr_27_1709.root 
Sat May 14 18:17:57 CDT 2016 DataR12S4p4T0Apr_27_1713.root 
Sat May 14 18:18:18 CDT 2016 DataR12S4p5T0Apr_27_1717.root 
Sat May 14 18:18:41 CDT 2016 DataR12S4p6T0Apr_27_1721.root 
Sat May 14 18:19:03 CDT 2016 DataR12S4p7T0Apr_27_1726.root 
Sat May 14 18:19:26 CDT 2016 DataR12S4p8T0Apr_27_1730.root 
Sat May 14 18:19:48 CDT 2016 DataR12S4p9T0Apr_27_1734.root 
Sat May 14 18:20:10 CDT 2016 DataR12S5p0T0Apr_28_1041.root 
Sat May 14 18:20:33 CDT 2016 DataR12S5p10T0Apr_28_1124.root 
Sat May 14 18:20:56 CDT 2016 DataR12S5p11T0Apr_28_1128.root 
Sat May 14 18:21:19 CDT 2016 DataR12S5p12T0Apr_28_1132.root 
Sat May 14 18:21:42 CDT 2016 DataR12S5p13T0Apr_28_1137.root 
Sat May 14 18:22:05 CDT 2016 DataR12S5p14T0Apr_28_1141.root 
Sat May 14 18:22:28 CDT 2016 DataR12S5p15T0Apr_28_1145.root 
Sat May 14 18:22:51 CDT 2016 DataR12S5p16T0Apr_28_1150.root 
Sat May 14 18:23:13 CDT 2016 DataR12S5p17T0Apr_28_1154.root 
Sat May 14 18:23:35 CDT 2016 DataR12S5p18T0Apr_28_1158.root 
Sat May 14 18:23:58 CDT 2016 DataR12S5p19T0Apr_28_1202.root 
Sat May 14 18:24:20 CDT 2016 DataR12S5p1T0Apr_28_1045.root 
Sat May 14 18:24:41 CDT 2016 DataR12S5p20T0Apr_28_1207.root 
Sat May 14 18:25:04 CDT 2016 DataR12S5p21T0Apr_28_1211.root 
Sat May 14 18:25:25 CDT 2016 DataR12S5p22T0Apr_28_1215.root 
Sat May 14 18:25:48 CDT 2016 DataR12S5p23T0Apr_28_1218.root 
Sat May 14 18:26:01 CDT 2016 DataR12S5p2T0Apr_28_1050.root 
Sat May 14 18:26:32 CDT 2016 DataR12S5p3T0Apr_28_1054.root 
Sat May 14 18:26:59 CDT 2016 DataR12S5p4T0Apr_28_1058.root 
Sat May 14 18:27:24 CDT 2016 DataR12S5p5T0Apr_28_1102.root 
Sat May 14 18:27:49 CDT 2016 DataR12S5p6T0Apr_28_1107.root 
Sat May 14 18:28:16 CDT 2016 DataR12S5p7T0Apr_28_1111.root 
Sat May 14 18:28:39 CDT 2016 DataR12S5p8T0Apr_28_1115.root 
Sat May 14 18:29:01 CDT 2016 DataR12S5p9T0Apr_28_1120.root 
Sat May 14 18:29:24 CDT 2016 DataR12S6p0T0Apr_28_1230.root 
Sat May 14 18:29:47 CDT 2016 DataR12S6p10T0Apr_28_1313.root 
Sat May 14 18:30:12 CDT 2016 DataR12S6p11T0Apr_28_1317.root 
Sat May 14 18:30:35 CDT 2016 DataR12S6p12T0Apr_28_1321.root 
Sat May 14 18:30:58 CDT 2016 DataR12S6p13T0Apr_28_1325.root 
Sat May 14 18:31:21 CDT 2016 DataR12S6p14T0Apr_28_1330.root 
Sat May 14 18:31:43 CDT 2016 DataR12S6p15T0Apr_28_1334.root 
Sat May 14 18:32:06 CDT 2016 DataR12S6p16T0Apr_28_1338.root 
Sat May 14 18:32:30 CDT 2016 DataR12S6p17T0Apr_28_1343.root 
Sat May 14 18:32:54 CDT 2016 DataR12S6p18T0Apr_28_1347.root 
Sat May 14 18:33:18 CDT 2016 DataR12S6p19T0Apr_28_1351.root 
Sat May 14 18:33:41 CDT 2016 DataR12S6p1T0Apr_28_1234.root 
Sat May 14 18:34:04 CDT 2016 DataR12S6p20T0Apr_28_1355.root 
Sat May 14 18:34:28 CDT 2016 DataR12S6p21T0Apr_28_1400.root 
Sat May 14 18:34:57 CDT 2016 DataR12S6p22T0Apr_28_1404.root 
Sat May 14 18:35:20 CDT 2016 DataR12S6p23T0Apr_28_1408.root 
Sat May 14 18:35:42 CDT 2016 DataR12S6p24T0Apr_28_1412.root 
Sat May 14 18:36:05 CDT 2016 DataR12S6p25T0Apr_28_1417.root 
Sat May 14 18:36:27 CDT 2016 DataR12S6p26T0Apr_28_1421.root 
Sat May 14 18:36:49 CDT 2016 DataR12S6p27T0Apr_28_1422.root 
Sat May 14 18:36:57 CDT 2016 DataR12S6p2T0Apr_28_1238.root 
Sat May 14 18:37:19 CDT 2016 DataR12S6p3T0Apr_28_1243.root 
Sat May 14 18:37:40 CDT 2016 DataR12S6p4T0Apr_28_1247.root 
Sat May 14 18:38:03 CDT 2016 DataR12S6p5T0Apr_28_1251.root 
Sat May 14 18:38:26 CDT 2016 DataR12S6p6T0Apr_28_1256.root 
Sat May 14 18:38:48 CDT 2016 DataR12S6p7T0Apr_28_1300.root 
Sat May 14 18:39:10 CDT 2016 DataR12S6p8T0Apr_28_1304.root 
Sat May 14 18:39:32 CDT 2016 DataR12S6p9T0Apr_28_1308.root 
Sat May 14 18:39:54 CDT 2016 DataR13S0p0T0Apr_28_1444.root 
Sat May 14 18:40:32 CDT 2016 DataR13S0p1T0Apr_28_1454.root 
Sat May 14 18:40:56 CDT 2016 DataR13S1p0T0Apr_28_1521.root 
Sat May 14 18:41:18 CDT 2016 DataR13S1p10T0Apr_28_1700.root 
Sat May 14 18:41:41 CDT 2016 DataR13S1p11T0Apr_28_1710.root 
Sat May 14 18:42:04 CDT 2016 DataR13S1p12T0Apr_28_1720.root 
Sat May 14 18:42:26 CDT 2016 DataR13S1p13T0Apr_28_1730.root 
Sat May 14 18:42:49 CDT 2016 DataR13S1p14T0Apr_28_1740.root 
Sat May 14 18:43:13 CDT 2016 DataR13S1p15T0Apr_28_1749.root 
Sat May 14 18:43:36 CDT 2016 DataR13S1p16T0Apr_28_1759.root 
Sat May 14 18:43:58 CDT 2016 DataR13S1p17T0Apr_28_1809.root 
Sat May 14 18:44:35 CDT 2016 DataR13S1p18T0Apr_28_1819.root 
Sat May 14 18:44:58 CDT 2016 DataR13S1p19T0Apr_28_1829.root 
Sat May 14 18:45:40 CDT 2016 DataR13S1p1T0Apr_28_1531.root 
Sat May 14 18:46:02 CDT 2016 DataR13S1p20T0Apr_28_1839.root 
Sat May 14 18:46:24 CDT 2016 DataR13S1p21T0Apr_28_1849.root 
Sat May 14 18:46:47 CDT 2016 DataR13S1p22T0Apr_28_1859.root 
Sat May 14 18:47:11 CDT 2016 DataR13S1p23T0Apr_28_1909.root 
Sat May 14 18:47:33 CDT 2016 DataR13S1p24T0Apr_28_1919.root 
Sat May 14 18:47:56 CDT 2016 DataR13S1p25T0Apr_28_1920.root 
Sat May 14 18:48:00 CDT 2016 DataR13S1p2T0Apr_28_1541.root 
Sat May 14 18:48:23 CDT 2016 DataR13S1p3T0Apr_28_1551.root 
Sat May 14 18:48:45 CDT 2016 DataR13S1p4T0Apr_28_1601.root 
Sat May 14 18:49:08 CDT 2016 DataR13S1p5T0Apr_28_1610.root 
Sat May 14 18:49:30 CDT 2016 DataR13S1p6T0Apr_28_1620.root 
Sat May 14 18:49:53 CDT 2016 DataR13S1p7T0Apr_28_1630.root 
Sat May 14 18:50:16 CDT 2016 DataR13S1p8T0Apr_28_1640.root 
Sat May 14 18:50:41 CDT 2016 DataR13S1p9T0Apr_28_1650.root 
Sat May 14 18:51:05 CDT 2016 DataR14S0p0T0Apr_29_1202.root 
Sat May 14 18:51:26 CDT 2016 DataR14S0p10T0Apr_29_1341.root 
Sat May 14 18:51:49 CDT 2016 DataR14S0p11T0Apr_29_1351.root 
Sat May 14 18:52:12 CDT 2016 DataR14S0p12T0Apr_29_1401.root 
Sat May 14 18:52:34 CDT 2016 DataR14S0p13T0Apr_29_1411.root 
Sat May 14 18:53:11 CDT 2016 DataR14S0p14T0Apr_29_1421.root 
Sat May 14 18:53:33 CDT 2016 DataR14S0p15T0Apr_29_1425.root 
Sat May 14 18:53:44 CDT 2016 DataR14S0p1T0Apr_29_1212.root 
Sat May 14 18:54:06 CDT 2016 DataR14S0p2T0Apr_29_1222.root 
Sat May 14 18:54:29 CDT 2016 DataR14S0p3T0Apr_29_1232.root 
Sat May 14 18:54:56 CDT 2016 DataR14S0p4T0Apr_29_1242.root 
Sat May 14 18:55:18 CDT 2016 DataR14S0p5T0Apr_29_1252.root 
Sat May 14 18:55:46 CDT 2016 DataR14S0p6T0Apr_29_1302.root 
Sat May 14 18:56:11 CDT 2016 DataR14S0p7T0Apr_29_1311.root 
Sat May 14 18:56:40 CDT 2016 DataR14S0p8T0Apr_29_1321.root 
Sat May 14 18:57:04 CDT 2016 DataR14S0p9T0Apr_29_1331.root 
Sat May 14 18:57:43 CDT 2016 DataR14S1p0T0Apr_29_1435.root 
Sat May 14 18:58:22 CDT 2016 DataR14S1p1T0Apr_29_1442.root 
Sat May 14 18:58:51 CDT 2016 DataR14S1p2T0Apr_29_1449.root 
Sat May 14 18:59:16 CDT 2016 DataR14S1p3T0Apr_29_1456.root 
Sat May 14 18:59:52 CDT 2016 DataR14S1p4T0Apr_29_1502.root 
Sat May 14 19:00:22 CDT 2016 DataR14S1p5T0Apr_29_1509.root 
Sat May 14 19:00:48 CDT 2016 DataR14S1p6T0Apr_29_1516.root 
Sat May 14 19:01:28 CDT 2016 DataR14S1p7T0Apr_29_1523.root 
Sat May 14 19:02:00 CDT 2016 DataR14S1p8T0Apr_29_1524.root 
Sat May 14 19:02:13 CDT 2016 DataR14S2p0T0Apr_29_1533.root 
Sat May 14 19:02:38 CDT 2016 DataR14S2p10T0Apr_29_1712.root 
Sat May 14 19:03:06 CDT 2016 DataR14S2p11T0Apr_29_1722.root 
Sat May 14 19:03:34 CDT 2016 DataR14S2p12T0Apr_29_1732.root 
Sat May 14 19:04:03 CDT 2016 DataR14S2p13T0Apr_29_1742.root 
Sat May 14 19:04:30 CDT 2016 DataR14S2p14T0Apr_29_1752.root 
Sat May 14 19:04:59 CDT 2016 DataR14S2p15T0Apr_29_1801.root 
Sat May 14 19:05:28 CDT 2016 DataR14S2p16T0Apr_29_1811.root 
Sat May 14 19:05:57 CDT 2016 DataR14S2p17T0Apr_29_1821.root 
Sat May 14 19:06:27 CDT 2016 DataR14S2p18T0Apr_29_1831.root 
Sat May 14 19:06:52 CDT 2016 DataR14S2p19T0Apr_29_1832.root 
Sat May 14 19:06:55 CDT 2016 DataR14S2p1T0Apr_29_1543.root 
Sat May 14 19:07:22 CDT 2016 DataR14S2p2T0Apr_29_1553.root 
Sat May 14 19:07:54 CDT 2016 DataR14S2p3T0Apr_29_1603.root 
Sat May 14 19:08:24 CDT 2016 DataR14S2p4T0Apr_29_1613.root 
Sat May 14 19:08:52 CDT 2016 DataR14S2p5T0Apr_29_1622.root 
Sat May 14 19:09:25 CDT 2016 DataR14S2p6T0Apr_29_1632.root 
Sat May 14 19:10:15 CDT 2016 DataR14S2p7T0Apr_29_1642.root 
Sat May 14 19:10:45 CDT 2016 DataR14S2p8T0Apr_29_1652.root 
Sat May 14 19:11:11 CDT 2016 DataR14S2p9T0Apr_29_1702.root 
Sat May 14 19:11:37 CDT 2016 DataR15S0p0T0May__2.root 
Sat May 14 19:12:05 CDT 2016 DataR15S0p10T0May__2.root 
Sat May 14 19:12:33 CDT 2016 DataR15S0p11T0May__2.root 
Sat May 14 19:13:00 CDT 2016 DataR15S0p12T0May__2.root 
Sat May 14 19:13:28 CDT 2016 DataR15S0p13T0May__2.root 
Sat May 14 19:13:59 CDT 2016 DataR15S0p14T0May__2.root 
Sat May 14 19:14:30 CDT 2016 DataR15S0p15T0May__2.root 
Sat May 14 19:15:03 CDT 2016 DataR15S0p16T0May__2.root 
Sat May 14 19:15:44 CDT 2016 DataR15S0p17T0May__2.root 
Sat May 14 19:16:18 CDT 2016 DataR15S0p18T0May__2.root 
Sat May 14 19:16:47 CDT 2016 DataR15S0p19T0May__2.root 
Sat May 14 19:17:15 CDT 2016 DataR15S0p1T0May__2.root 
Sat May 14 19:17:52 CDT 2016 DataR15S0p20T0May__2.root 
Sat May 14 19:18:21 CDT 2016 DataR15S0p21T0May__2.root 
Sat May 14 19:18:51 CDT 2016 DataR15S0p22T0May__2.root 
Sat May 14 19:19:18 CDT 2016 DataR15S0p23T0May__2.root 
Sat May 14 19:19:46 CDT 2016 DataR15S0p24T0May__2.root 
Sat May 14 19:20:24 CDT 2016 DataR15S0p25T0May__2.root 
Sat May 14 19:21:00 CDT 2016 DataR15S0p26T0May__2.root 
Sat May 14 19:21:11 CDT 2016 DataR15S0p2T0May__2.root 
Sat May 14 19:21:41 CDT 2016 DataR15S0p3T0May__2.root 
Sat May 14 19:22:10 CDT 2016 DataR15S0p4T0May__2.root 
Sat May 14 19:22:44 CDT 2016 DataR15S0p5T0May__2.root 
Sat May 14 19:23:28 CDT 2016 DataR15S0p6T0May__2.root 
Sat May 14 19:23:55 CDT 2016 DataR15S0p7T0May__2.root 
Sat May 14 19:24:23 CDT 2016 DataR15S0p8T0May__2.root 
Sat May 14 19:24:50 CDT 2016 DataR15S0p9T0May__2.root 
Sat May 14 19:25:17 CDT 2016 DataR15S1p0T0May__2.root 
Sat May 14 19:25:44 CDT 2016 DataR15S1p10T0May__2.root 
Sat May 14 19:26:11 CDT 2016 DataR15S1p11T0May__2.root 
Sat May 14 19:26:39 CDT 2016 DataR15S1p12T0May__2.root 
Sat May 14 19:27:12 CDT 2016 DataR15S1p13T0May__2.root 
Sat May 14 19:27:49 CDT 2016 DataR15S1p14T0May__2.root 
Sat May 14 19:28:21 CDT 2016 DataR15S1p15T0May__2.root 
Sat May 14 19:28:54 CDT 2016 DataR15S1p16T0May__2.root 
Sat May 14 19:29:28 CDT 2016 DataR15S1p17T0May__2.root 
Sat May 14 19:29:43 CDT 2016 DataR15S1p1T0May__2.root 
Sat May 14 19:30:17 CDT 2016 DataR15S1p2T0May__2.root 
Sat May 14 19:30:50 CDT 2016 DataR15S1p3T0May__2.root 
Sat May 14 19:31:36 CDT 2016 DataR15S1p4T0May__2.root 
Sat May 14 19:32:04 CDT 2016 DataR15S1p5T0May__2.root 
Sat May 14 19:32:33 CDT 2016 DataR15S1p6T0May__2.root 
Sat May 14 19:33:02 CDT 2016 DataR15S1p7T0May__2.root 
Sat May 14 19:33:37 CDT 2016 DataR15S1p8T0May__2.root 
Sat May 14 19:34:06 CDT 2016 DataR15S1p9T0May__2.root 
Sat May 14 19:34:37 CDT 2016 DataR16S0p0T0May__3.root 
Sat May 14 19:35:06 CDT 2016 DataR16S0p10T0May__3.root 
Sat May 14 19:35:44 CDT 2016 DataR16S0p11T0May__3.root 
Sat May 14 19:36:25 CDT 2016 DataR16S0p12T0May__3.root 
Sat May 14 19:36:58 CDT 2016 DataR16S0p13T0May__3.root 
Sat May 14 19:37:29 CDT 2016 DataR16S0p14T0May__3.root 
Sat May 14 19:37:56 CDT 2016 DataR16S0p15T0May__3.root 
Sat May 14 19:38:26 CDT 2016 DataR16S0p16T0May__3.root 
Sat May 14 19:38:55 CDT 2016 DataR16S0p17T0May__3.root 
Sat May 14 19:39:23 CDT 2016 DataR16S0p18T0May__3.root 
Sat May 14 19:39:49 CDT 2016 DataR16S0p19T0May__3.root 
Sat May 14 19:40:17 CDT 2016 DataR16S0p1T0May__3.root 
Sat May 14 19:40:49 CDT 2016 DataR16S0p20T0May__3.root 
Sat May 14 19:41:16 CDT 2016 DataR16S0p21T0May__3.root 
Sat May 14 19:41:42 CDT 2016 DataR16S0p22T0May__3.root 
Sat May 14 19:41:45 CDT 2016 DataR16S0p2T0May__3.root 
Sat May 14 19:42:11 CDT 2016 DataR16S0p3T0May__3.root 
Sat May 14 19:42:38 CDT 2016 DataR16S0p4T0May__3.root 
Sat May 14 19:43:12 CDT 2016 DataR16S0p5T0May__3.root 
Sat May 14 19:43:38 CDT 2016 DataR16S0p6T0May__3.root 
Sat May 14 19:44:10 CDT 2016 DataR16S0p7T0May__3.root 
Sat May 14 19:44:36 CDT 2016 DataR16S0p8T0May__3.root 
Sat May 14 19:45:06 CDT 2016 DataR16S0p9T0May__3.root 
Sat May 14 19:45:35 CDT 2016 DataR16S1p0T0May__3.root 
Sat May 14 19:46:03 CDT 2016 DataR16S1p10T0May__3.root 
Sat May 14 19:46:36 CDT 2016 DataR16S1p11T0May__3.root 
Sat May 14 19:47:04 CDT 2016 DataR16S1p12T0May__3.root 
Sat May 14 19:47:32 CDT 2016 DataR16S1p13T0May__3.root 
Sat May 14 19:47:58 CDT 2016 DataR16S1p14T0May__3.root 
Sat May 14 19:48:25 CDT 2016 DataR16S1p15T0May__3.root 
Sat May 14 19:48:53 CDT 2016 DataR16S1p16T0May__3.root 
Sat May 14 19:49:20 CDT 2016 DataR16S1p17T0May__3.root 
Sat May 14 19:49:46 CDT 2016 DataR16S1p18T0May__3.root 
Sat May 14 19:50:14 CDT 2016 DataR16S1p19T0May__3.root 
Sat May 14 19:50:41 CDT 2016 DataR16S1p1T0May__3.root 
Sat May 14 19:51:08 CDT 2016 DataR16S1p20T0May__3.root 
Sat May 14 19:51:36 CDT 2016 DataR16S1p21T0May__3.root 
Sat May 14 19:52:04 CDT 2016 DataR16S1p22T0May__3.root 
Sat May 14 19:52:41 CDT 2016 DataR16S1p23T0May__3.root 
Sat May 14 19:53:14 CDT 2016 DataR16S1p24T0May__3.root 
Sat May 14 19:53:59 CDT 2016 DataR16S1p25T0May__3.root 
Sat May 14 19:54:25 CDT 2016 DataR16S1p26T0May__3.root 
Sat May 14 19:54:47 CDT 2016 DataR16S1p2T0May__3.root 
Sat May 14 19:55:25 CDT 2016 DataR16S1p3T0May__3.root 
Sat May 14 19:55:57 CDT 2016 DataR16S1p4T0May__3.root 
Sat May 14 19:56:25 CDT 2016 DataR16S1p5T0May__3.root 
Sat May 14 19:56:51 CDT 2016 DataR16S1p6T0May__3.root 
Sat May 14 19:57:17 CDT 2016 DataR16S1p7T0May__3.root 
Sat May 14 19:57:45 CDT 2016 DataR16S1p8T0May__3.root 
Sat May 14 19:58:13 CDT 2016 DataR16S1p9T0May__3.root 
Sat May 14 19:58:43 CDT 2016 DataR17S0p0T0May__4.root 
Sat May 14 19:59:25 CDT 2016 DataR17S0p10T0May__4.root 
Sat May 14 19:59:50 CDT 2016 DataR17S0p11T0May__4.root 
Sat May 14 20:00:20 CDT 2016 DataR17S0p12T0May__4.root 
Sat May 14 20:00:49 CDT 2016 DataR17S0p13T0May__4.root 
Sat May 14 20:01:34 CDT 2016 DataR17S0p14T0May__4.root 
Sat May 14 20:02:18 CDT 2016 DataR17S0p15T0May__4.root 
Sat May 14 20:02:47 CDT 2016 DataR17S0p16T0May__4.root 
Sat May 14 20:03:17 CDT 2016 DataR17S0p17T0May__4.root 
Sat May 14 20:03:44 CDT 2016 DataR17S0p18T0May__4.root 
Sat May 14 20:04:14 CDT 2016 DataR17S0p19T0May__4.root 
Sat May 14 20:04:56 CDT 2016 DataR17S0p1T0May__4.root 
Sat May 14 20:05:29 CDT 2016 DataR17S0p20T0May__4.root 
Sat May 14 20:06:00 CDT 2016 DataR17S0p21T0May__4.root 
Sat May 14 20:06:26 CDT 2016 DataR17S0p22T0May__4.root 
Sat May 14 20:06:52 CDT 2016 DataR17S0p23T0May__4.root 
Sat May 14 20:07:18 CDT 2016 DataR17S0p24T0May__4.root 
Sat May 14 20:07:37 CDT 2016 DataR17S0p2T0May__4.root 
Sat May 14 20:08:03 CDT 2016 DataR17S0p3T0May__4.root 
Sat May 14 20:08:29 CDT 2016 DataR17S0p4T0May__4.root 
Sat May 14 20:09:02 CDT 2016 DataR17S0p5T0May__4.root 
Sat May 14 20:09:31 CDT 2016 DataR17S0p6T0May__4.root 
Sat May 14 20:10:01 CDT 2016 DataR17S0p7T0May__4.root 
Sat May 14 20:10:30 CDT 2016 DataR17S0p8T0May__4.root 
Sat May 14 20:10:57 CDT 2016 DataR17S0p9T0May__4.root 
Sat May 14 20:11:22 CDT 2016 DataR17S1p0T0May__4.root 
Sat May 14 20:11:44 CDT 2016 DataR17S1p10T0May__4.root 
Sat May 14 20:12:09 CDT 2016 DataR17S1p11T0May__4.root 
Sat May 14 20:12:36 CDT 2016 DataR17S1p12T0May__4.root 
Sat May 14 20:13:03 CDT 2016 DataR17S1p13T0May__4.root 
Sat May 14 20:13:30 CDT 2016 DataR17S1p14T0May__4.root 
Sat May 14 20:13:55 CDT 2016 DataR17S1p15T0May__4.root 
Sat May 14 20:14:26 CDT 2016 DataR17S1p16T0May__4.root 
Sat May 14 20:15:02 CDT 2016 DataR17S1p17T0May__4.root 
Sat May 14 20:15:58 CDT 2016 DataR17S1p18T0May__4.root 
Sat May 14 20:16:27 CDT 2016 DataR17S1p19T0May__4.root 
Sat May 14 20:16:54 CDT 2016 DataR17S1p1T0May__4.root 
Sat May 14 20:17:22 CDT 2016 DataR17S1p20T0May__4.root 
Sat May 14 20:17:49 CDT 2016 DataR17S1p21T0May__4.root 
Sat May 14 20:18:12 CDT 2016 DataR17S1p22T0May__4.root 
Sat May 14 20:18:36 CDT 2016 DataR17S1p23T0May__4.root 
Sat May 14 20:19:02 CDT 2016 DataR17S1p24T0May__4.root 
Sat May 14 20:19:29 CDT 2016 DataR17S1p25T0May__4.root 
Sat May 14 20:19:54 CDT 2016 DataR17S1p26T0May__4.root 
Sat May 14 20:20:21 CDT 2016 DataR17S1p27T0May__4.root 
Sat May 14 20:20:48 CDT 2016 DataR17S1p28T0May__4.root 
Sat May 14 20:21:16 CDT 2016 DataR17S1p29T0May__4.root 
Sat May 14 20:21:41 CDT 2016 DataR17S1p2T0May__4.root 
Sat May 14 20:22:08 CDT 2016 DataR17S1p30T0May__4.root 
Sat May 14 20:22:35 CDT 2016 DataR17S1p31T0May__4.root 
Sat May 14 20:22:40 CDT 2016 DataR17S1p3T0May__4.root 
Sat May 14 20:23:06 CDT 2016 DataR17S1p4T0May__4.root 
Sat May 14 20:23:33 CDT 2016 DataR17S1p5T0May__4.root 
Sat May 14 20:24:05 CDT 2016 DataR17S1p6T0May__4.root 
Sat May 14 20:24:31 CDT 2016 DataR17S1p7T0May__4.root 
Sat May 14 20:24:56 CDT 2016 DataR17S1p8T0May__4.root 
Sat May 14 20:25:29 CDT 2016 DataR17S1p9T0May__4.root 
Sat May 14 20:25:56 CDT 2016 DataR18S0p0T0May__4.root 
Sat May 14 20:26:37 CDT 2016 DataR18S0p1T0May__4.root 
Sat May 14 20:27:05 CDT 2016 DataR18S0p2T0May__4.root 
Sat May 14 20:27:28 CDT 2016 DataR18S0p3T0May__4.root 
Sat May 14 20:27:34 CDT 2016 DataR19S0p0T0May__4.root 
Sat May 14 20:27:58 CDT 2016 DataR19S0p10T0May__4.root 
Sat May 14 20:28:38 CDT 2016 DataR19S0p11T0May__4.root 
Sat May 14 20:29:05 CDT 2016 DataR19S0p12T0May__4.root 
Sat May 14 20:29:45 CDT 2016 DataR19S0p13T0May__4.root 
Sat May 14 20:30:26 CDT 2016 DataR19S0p14T0May__4.root 
Sat May 14 20:30:54 CDT 2016 DataR19S0p15T0May__4.root 
Sat May 14 20:31:20 CDT 2016 DataR19S0p16T0May__4.root 
Sat May 14 20:31:45 CDT 2016 DataR19S0p17T0May__5.root 
Sat May 14 20:32:11 CDT 2016 DataR19S0p18T0May__5.root 
Sat May 14 20:32:34 CDT 2016 DataR19S0p19T0May__5.root 
Sat May 14 20:32:57 CDT 2016 DataR19S0p1T0May__4.root 
Sat May 14 20:33:24 CDT 2016 DataR19S0p20T0May__5.root 
Sat May 14 20:33:46 CDT 2016 DataR19S0p21T0May__5.root 
Sat May 14 20:34:13 CDT 2016 DataR19S0p22T0May__5.root 
Sat May 14 20:34:41 CDT 2016 DataR19S0p23T0May__5.root 
Sat May 14 20:35:07 CDT 2016 DataR19S0p24T0May__5.root 
Sat May 14 20:35:32 CDT 2016 DataR19S0p25T0May__5.root 
Sat May 14 20:35:57 CDT 2016 DataR19S0p26T0May__5.root 
Sat May 14 20:36:25 CDT 2016 DataR19S0p27T0May__5.root 
Sat May 14 20:36:52 CDT 2016 DataR19S0p28T0May__5.root 
Sat May 14 20:37:15 CDT 2016 DataR19S0p29T0May__5.root 
Sat May 14 20:37:42 CDT 2016 DataR19S0p2T0May__4.root 
Sat May 14 20:38:06 CDT 2016 DataR19S0p30T0May__5.root 
Sat May 14 20:38:17 CDT 2016 DataR19S0p3T0May__4.root 
Sat May 14 20:38:42 CDT 2016 DataR19S0p4T0May__4.root 
Sat May 14 20:39:08 CDT 2016 DataR19S0p5T0May__4.root 
Sat May 14 20:39:34 CDT 2016 DataR19S0p6T0May__4.root 
Sat May 14 20:39:58 CDT 2016 DataR19S0p7T0May__4.root 
Sat May 14 20:40:25 CDT 2016 DataR19S0p8T0May__4.root 
Sat May 14 20:40:49 CDT 2016 DataR19S0p9T0May__4.root 
Sat May 14 20:41:11 CDT 2016 DataR1S0p0T0Apr_14_1553.root 
Sat May 14 20:41:37 CDT 2016 DataR1S0p1T0Apr_14_1558.root 
Sat May 14 20:42:00 CDT 2016 DataR1S0p2T0Apr_14_1602.root 
Sat May 14 20:42:23 CDT 2016 DataR1S0p3T0Apr_14_1605.root 
Sat May 14 20:42:41 CDT 2016 DataR1S0p4T0Apr_14_1606.root 
Sat May 14 20:42:45 CDT 2016 DataR1S1p0T0Apr_14_1610.root 
Sat May 14 20:43:10 CDT 2016 DataR1S1p1T0Apr_14_1614.root 
Sat May 14 20:43:33 CDT 2016 DataR1S1p2T0Apr_14_1619.root 
Sat May 14 20:43:57 CDT 2016 DataR1S1p3T0Apr_14_1623.root 
Sat May 14 20:44:18 CDT 2016 DataR1S1p4T0Apr_14_1627.root 
Sat May 14 20:44:41 CDT 2016 DataR1S1p5T0Apr_14_1631.root 
Sat May 14 20:45:04 CDT 2016 DataR1S1p6T0Apr_14_1635.root 
Sat May 14 20:45:27 CDT 2016 DataR1S1p7T0Apr_14_1637.root 
Sat May 14 20:45:38 CDT 2016 DataR1S1p8T0Apr_14_1637.root 
Sat May 14 20:45:39 CDT 2016 DataR1S2p0T0Apr_14_1642.root 
Sat May 14 20:46:04 CDT 2016 DataR1S2p10T0Apr_14_1724.root 
Sat May 14 20:46:29 CDT 2016 DataR1S2p11T0Apr_14_1728.root 
Sat May 14 20:46:56 CDT 2016 DataR1S2p12T0Apr_14_1732.root 
Sat May 14 20:47:19 CDT 2016 DataR1S2p13T0Apr_14_1736.root 
Sat May 14 20:47:47 CDT 2016 DataR1S2p14T0Apr_14_1740.root 
Sat May 14 20:48:11 CDT 2016 DataR1S2p15T0Apr_14_1744.root 
Sat May 14 20:48:34 CDT 2016 DataR1S2p16T0Apr_14_1747.root 
Sat May 14 20:48:50 CDT 2016 DataR1S2p17T0Apr_14_1747.root 
Sat May 14 20:48:52 CDT 2016 DataR1S2p1T0Apr_14_1647.root 
Sat May 14 20:49:16 CDT 2016 DataR1S2p2T0Apr_14_1651.root 
Sat May 14 20:49:40 CDT 2016 DataR1S2p3T0Apr_14_1655.root 
Sat May 14 20:50:06 CDT 2016 DataR1S2p4T0Apr_14_1659.root 
Sat May 14 20:50:29 CDT 2016 DataR1S2p5T0Apr_14_1703.root 
Sat May 14 20:50:53 CDT 2016 DataR1S2p6T0Apr_14_1707.root 
Sat May 14 20:51:20 CDT 2016 DataR1S2p7T0Apr_14_1711.root 
Sat May 14 20:51:46 CDT 2016 DataR1S2p8T0Apr_14_1715.root 
Sat May 14 20:52:11 CDT 2016 DataR1S2p9T0Apr_14_1720.root 
Sat May 14 20:52:36 CDT 2016 DataR1S3p0T0Apr_14_1752.root 
Sat May 14 20:53:00 CDT 2016 DataR1S3p1T0Apr_14_1756.root 
Sat May 14 20:53:24 CDT 2016 DataR1S3p2T0Apr_14_1800.root 
Sat May 14 20:53:49 CDT 2016 DataR1S3p3T0Apr_14_1804.root 
Sat May 14 20:54:11 CDT 2016 DataR1S3p4T0Apr_14_1808.root 
Sat May 14 20:54:33 CDT 2016 DataR1S3p5T0Apr_14_1812.root 
Sat May 14 20:54:59 CDT 2016 DataR1S3p6T0Apr_14_1816.root 
Sat May 14 20:55:23 CDT 2016 DataR1S3p7T0Apr_14_1821.root 
Sat May 14 20:56:02 CDT 2016 DataR1S3p8T0Apr_14_1822.root 
Sat May 14 20:56:11 CDT 2016 DataR1S3p9T0Apr_14_1822.root 
Sat May 14 20:56:16 CDT 2016 DataR1S4p0T0Apr_14_1826.root 
Sat May 14 20:56:35 CDT 2016 DataR1S4p1T0Apr_14_1826.root 
Sat May 14 20:56:37 CDT 2016 DataR20S0p0T0May__9.root 
Sat May 14 20:57:02 CDT 2016 DataR20S0p10T0May__9.root 
Sat May 14 20:57:20 CDT 2016 DataR20S0p1T0May__9.root 
Sat May 14 20:57:44 CDT 2016 DataR20S0p2T0May__9.root 
Sat May 14 20:58:09 CDT 2016 DataR20S0p3T0May__9.root 
Sat May 14 20:58:32 CDT 2016 DataR20S0p4T0May__9.root 
Sat May 14 20:58:58 CDT 2016 DataR20S0p5T0May__9.root 
Sat May 14 20:59:24 CDT 2016 DataR20S0p6T0May__9.root 
Sat May 14 20:59:48 CDT 2016 DataR20S0p7T0May__9.root 
Sat May 14 21:00:11 CDT 2016 DataR20S0p8T0May__9.root 
Sat May 14 21:00:36 CDT 2016 DataR20S0p9T0May__9.root 
Sat May 14 21:01:01 CDT 2016 DataR20S1p0T0May__9.root 
Sat May 14 21:01:27 CDT 2016 DataR20S1p10T0May__9.root 
Sat May 14 21:02:08 CDT 2016 DataR20S1p11T0May__9.root 
Sat May 14 21:02:32 CDT 2016 DataR20S1p12T0May__9.root 
Sat May 14 21:02:56 CDT 2016 DataR20S1p13T0May__9.root 
Sat May 14 21:03:21 CDT 2016 DataR20S1p14T0May__9.root 
Sat May 14 21:03:44 CDT 2016 DataR20S1p15T0May__9.root 
Sat May 14 21:04:09 CDT 2016 DataR20S1p16T0May__9.root 
Sat May 14 21:04:33 CDT 2016 DataR20S1p17T0May__9.root 
Sat May 14 21:04:56 CDT 2016 DataR20S1p18T0May__9.root 
Sat May 14 21:05:19 CDT 2016 DataR20S1p19T0May__9.root 
Sat May 14 21:05:44 CDT 2016 DataR20S1p1T0May__9.root 
Sat May 14 21:06:08 CDT 2016 DataR20S1p20T0May__9.root 
Sat May 14 21:06:13 CDT 2016 DataR20S1p2T0May__9.root 
Sat May 14 21:06:36 CDT 2016 DataR20S1p3T0May__9.root 
Sat May 14 21:07:00 CDT 2016 DataR20S1p4T0May__9.root 
Sat May 14 21:07:25 CDT 2016 DataR20S1p5T0May__9.root 
Sat May 14 21:07:48 CDT 2016 DataR20S1p6T0May__9.root 
Sat May 14 21:08:14 CDT 2016 DataR20S1p7T0May__9.root 
Sat May 14 21:08:37 CDT 2016 DataR20S1p8T0May__9.root 
Sat May 14 21:09:01 CDT 2016 DataR20S1p9T0May__9.root 
Sat May 14 21:09:24 CDT 2016 DataR21S0p0T0May_10_1116.root 
Sat May 14 21:09:52 CDT 2016 DataR21S0p1T0May_10_1136.root 
Sat May 14 21:10:15 CDT 2016 DataR22S0p0T0May_10_1156.root 
Sat May 14 21:10:39 CDT 2016 DataR22S0p1T0May_10_1214.root 
Sat May 14 21:11:03 CDT 2016 DataR22S0p2T0May_10_1235.root 
Sat May 14 21:11:29 CDT 2016 DataR22S0p3T0May_10_1256.root 
Sat May 14 21:11:55 CDT 2016 DataR22S0p4T0May_10_1316.root 
Sat May 14 21:12:21 CDT 2016 DataR22S0p5T0May_10_1337.root 
Sat May 14 21:12:45 CDT 2016 DataR22S0p6T0May_10_1355.root 
Sat May 14 21:13:08 CDT 2016 DataR22S0p7T0May_10_1402.root 
Sat May 14 21:13:28 CDT 2016 DataR23S0p0T0May_10_1419.root 
Sat May 14 21:13:53 CDT 2016 DataR23S0p10T0May_10_1628.root 
Sat May 14 21:14:17 CDT 2016 DataR23S0p11T0May_10_1641.root 
Sat May 14 21:14:27 CDT 2016 DataR23S0p1T0May_10_1437.root 
Sat May 14 21:14:51 CDT 2016 DataR23S0p2T0May_10_1455.root 
Sat May 14 21:15:15 CDT 2016 DataR23S0p3T0May_10_1501.root 
Sat May 14 21:15:43 CDT 2016 DataR23S0p4T0May_10_1519.root 
Sat May 14 21:16:06 CDT 2016 DataR23S0p5T0May_10_1525.root 
Sat May 14 21:16:30 CDT 2016 DataR23S0p6T0May_10_1542.root 
Sat May 14 21:16:56 CDT 2016 DataR23S0p7T0May_10_1558.root 
Sat May 14 21:17:22 CDT 2016 DataR23S0p8T0May_10_1605.root 
Sat May 14 21:17:47 CDT 2016 DataR23S0p9T0May_10_1622.root 
Sat May 14 21:18:12 CDT 2016 DataR24S0p0T0May_10_1648.root 
Sat May 14 21:18:35 CDT 2016 DataR24S0p10T0May_10_1902.root 
Sat May 14 21:18:58 CDT 2016 DataR24S0p11T0May_10_1908.root 
Sat May 14 21:19:22 CDT 2016 DataR24S0p12T0May_10_1925.root 
Sat May 14 21:19:45 CDT 2016 DataR24S0p13T0May_10_1932.root 
Sat May 14 21:20:10 CDT 2016 DataR24S0p14T0May_10_1947.root 
Sat May 14 21:20:33 CDT 2016 DataR24S0p15T0May_10_2003.root 
Sat May 14 21:20:57 CDT 2016 DataR24S0p16T0May_10_2009.root 
Sat May 14 21:21:22 CDT 2016 DataR24S0p17T0May_10_2026.root 
Sat May 14 21:21:47 CDT 2016 DataR24S0p18T0May_10_2032.root 
Sat May 14 21:22:14 CDT 2016 DataR24S0p19T0May_10_2049.root 
Sat May 14 21:22:38 CDT 2016 DataR24S0p1T0May_10_1705.root 
Sat May 14 21:23:00 CDT 2016 DataR24S0p20T0May_10_2105.root 
Sat May 14 21:23:40 CDT 2016 DataR24S0p21T0May_10_2111.root 
Sat May 14 21:24:02 CDT 2016 DataR24S0p22T0May_10_2129.root 
Sat May 14 21:24:27 CDT 2016 DataR24S0p23T0May_10_2144.root 
Sat May 14 21:24:48 CDT 2016 DataR24S0p24T0May_10_2151.root 
Sat May 14 21:25:11 CDT 2016 DataR24S0p25T0May_10_2207.root 
Sat May 14 21:25:36 CDT 2016 DataR24S0p26T0May_10_2214.root 
Sat May 14 21:26:01 CDT 2016 DataR24S0p27T0May_10_2230.root 
Sat May 14 21:26:25 CDT 2016 DataR24S0p28T0May_10_2237.root 
Sat May 14 21:26:51 CDT 2016 DataR24S0p29T0May_10_2252.root 
Sat May 14 21:27:21 CDT 2016 DataR24S0p2T0May_10_1722.root 
Sat May 14 21:27:44 CDT 2016 DataR24S0p30T0May_10_2308.root 
Sat May 14 21:28:07 CDT 2016 DataR24S0p31T0May_10_2314.root 
Sat May 14 21:28:30 CDT 2016 DataR24S0p32T0May_10_2325.root 
Sat May 14 21:28:36 CDT 2016 DataR24S0p3T0May_10_1728.root 
Sat May 14 21:29:00 CDT 2016 DataR24S0p4T0May_10_1745.root 
Sat May 14 21:29:23 CDT 2016 DataR24S0p5T0May_10_1800.root 
Sat May 14 21:29:53 CDT 2016 DataR24S0p6T0May_10_1807.root 
Sat May 14 21:30:16 CDT 2016 DataR24S0p7T0May_10_1824.root 
Sat May 14 21:30:40 CDT 2016 DataR24S0p8T0May_10_1830.root 
Sat May 14 21:31:04 CDT 2016 DataR24S0p9T0May_10_1846.root 
Sat May 14 21:31:27 CDT 2016 DataR24S1p0T0May_10_2332.root 
Sat May 14 21:31:51 CDT 2016 DataR24S1p1T0May_10_2350.root 
Sat May 14 21:32:14 CDT 2016 DataR24S1p2T0May_11_0006.root 
Sat May 14 21:32:38 CDT 2016 DataR24S1p3T0May_11_0013.root 
Sat May 14 21:33:04 CDT 2016 DataR24S1p4T0May_11_0030.root 
Sat May 14 21:33:29 CDT 2016 DataR24S1p5T0May_11_0047.root 
Sat May 14 21:33:55 CDT 2016 DataR24S1p6T0May_11_0048.root 
Sat May 14 21:33:58 CDT 2016 DataR25S0p0T0May_11_1753.root 
Sat May 14 21:34:25 CDT 2016 DataR25S0p1T0May_11_1757.root 
Sat May 14 21:34:49 CDT 2016 DataR25S0p2T0May_11_1801.root 
Sat May 14 21:35:14 CDT 2016 DataR25S0p3T0May_11_1806.root 
Sat May 14 21:35:39 CDT 2016 DataR25S0p4T0May_11_1810.root 
Sat May 14 21:36:05 CDT 2016 DataR25S0p5T0May_11_1812.root 
Sat May 14 21:36:18 CDT 2016 DataR26S0p0T0May_11_1821.root 
Sat May 14 21:36:49 CDT 2016 DataR26S0p10T0May_11_1910.root 
Sat May 14 21:37:18 CDT 2016 DataR26S0p11T0May_11_1916.root 
Sat May 14 21:37:43 CDT 2016 DataR26S0p12T0May_11_1921.root 
Sat May 14 21:38:05 CDT 2016 DataR26S0p13T0May_11_1926.root 
Sat May 14 21:38:29 CDT 2016 DataR26S0p14T0May_11_1930.root 
Sat May 14 21:38:54 CDT 2016 DataR26S0p15T0May_11_1935.root 
Sat May 14 21:39:18 CDT 2016 DataR26S0p16T0May_11_1941.root 
Sat May 14 21:39:43 CDT 2016 DataR26S0p17T0May_11_1946.root 
Sat May 14 21:40:19 CDT 2016 DataR26S0p18T0May_11_1950.root 
Sat May 14 21:40:44 CDT 2016 DataR26S0p19T0May_11_1955.root 
Sat May 14 21:41:12 CDT 2016 DataR26S0p1T0May_11_1826.root 
Sat May 14 21:41:37 CDT 2016 DataR26S0p20T0May_11_2003.root 
Sat May 14 21:42:11 CDT 2016 DataR26S0p21T0May_11_2008.root 
Sat May 14 21:42:38 CDT 2016 DataR26S0p22T0May_11_2012.root 
Sat May 14 21:43:04 CDT 2016 DataR26S0p23T0May_11_2017.root 
Sat May 14 21:43:40 CDT 2016 DataR26S0p24T0May_11_2025.root 
Sat May 14 21:44:07 CDT 2016 DataR26S0p25T0May_11_2030.root 
Sat May 14 21:44:33 CDT 2016 DataR26S0p26T0May_11_2035.root 
Sat May 14 21:44:59 CDT 2016 DataR26S0p27T0May_11_2039.root 
Sat May 14 21:45:28 CDT 2016 DataR26S0p28T0May_11_2043.root 
Sat May 14 21:45:49 CDT 2016 DataR26S0p2T0May_11_1832.root 
Sat May 14 21:46:18 CDT 2016 DataR26S0p3T0May_11_1836.root 
Sat May 14 21:47:01 CDT 2016 DataR26S0p4T0May_11_1841.root 
Sat May 14 21:47:44 CDT 2016 DataR26S0p5T0May_11_1845.root 
Sat May 14 21:48:13 CDT 2016 DataR26S0p6T0May_11_1851.root 
Sat May 14 21:48:38 CDT 2016 DataR26S0p7T0May_11_1857.root 
Sat May 14 21:49:04 CDT 2016 DataR26S0p8T0May_11_1901.root 
Sat May 14 21:49:28 CDT 2016 DataR26S0p9T0May_11_1905.root 
Sat May 14 21:49:54 CDT 2016 DataR26S1p0T0May_11_2052.root 
Sat May 14 21:50:19 CDT 2016 DataR26S1p10T0May_11_2145.root 
Sat May 14 21:50:44 CDT 2016 DataR26S1p11T0May_11_2150.root 
Sat May 14 21:51:10 CDT 2016 DataR26S1p12T0May_11_2154.root 
Sat May 14 21:51:36 CDT 2016 DataR26S1p13T0May_11_2202.root 
Sat May 14 21:52:01 CDT 2016 DataR26S1p14T0May_11_2207.root 
Sat May 14 21:52:28 CDT 2016 DataR26S1p15T0May_11_2212.root 
Sat May 14 21:52:54 CDT 2016 DataR26S1p16T0May_11_2216.root 
Sat May 14 21:53:19 CDT 2016 DataR26S1p17T0May_11_2222.root 
Sat May 14 21:53:43 CDT 2016 DataR26S1p18T0May_11_2230.root 
Sat May 14 21:54:10 CDT 2016 DataR26S1p19T0May_11_2234.root 
Sat May 14 21:54:33 CDT 2016 DataR26S1p1T0May_11_2056.root 
Sat May 14 21:54:58 CDT 2016 DataR26S1p20T0May_11_2239.root 
Sat May 14 21:55:24 CDT 2016 DataR26S1p21T0May_11_2243.root 
Sat May 14 21:55:48 CDT 2016 DataR26S1p22T0May_11_2251.root 
Sat May 14 21:56:12 CDT 2016 DataR26S1p23T0May_11_2256.root 
Sat May 14 21:56:36 CDT 2016 DataR26S1p24T0May_11_2301.root 
Sat May 14 21:57:02 CDT 2016 DataR26S1p25T0May_11_2305.root 
Sat May 14 21:57:26 CDT 2016 DataR26S1p26T0May_11_2311.root 
Sat May 14 21:57:53 CDT 2016 DataR26S1p27T0May_11_2318.root 
Sat May 14 21:58:17 CDT 2016 DataR26S1p28T0May_11_2322.root 
Sat May 14 21:58:39 CDT 2016 DataR26S1p2T0May_11_2101.root 
Sat May 14 21:59:01 CDT 2016 DataR26S1p3T0May_11_2105.root 
Sat May 14 21:59:23 CDT 2016 DataR26S1p4T0May_11_2112.root 
Sat May 14 21:59:46 CDT 2016 DataR26S1p5T0May_11_2119.root 
Sat May 14 22:00:09 CDT 2016 DataR26S1p6T0May_11_2123.root 
Sat May 14 22:00:31 CDT 2016 DataR26S1p7T0May_11_2127.root 
Sat May 14 22:00:57 CDT 2016 DataR26S1p8T0May_11_2132.root 
Sat May 14 22:01:20 CDT 2016 DataR26S1p9T0May_11_2141.root 
Sat May 14 22:01:44 CDT 2016 DataR27S0p0T0May_12_0908.root 
Sat May 14 22:02:09 CDT 2016 DataR27S0p10T0May_12_1007.root 
Sat May 14 22:02:34 CDT 2016 DataR27S0p11T0May_12_1016.root 
Sat May 14 22:03:00 CDT 2016 DataR27S0p12T0May_12_1022.root 
Sat May 14 22:03:33 CDT 2016 DataR27S0p13T0May_12_1026.root 
Sat May 14 22:03:58 CDT 2016 DataR27S0p14T0May_12_1033.root 
Sat May 14 22:04:29 CDT 2016 DataR27S0p15T0May_12_1041.root 
Sat May 14 22:04:53 CDT 2016 DataR27S0p16T0May_12_1045.root 
Sat May 14 22:05:17 CDT 2016 DataR27S0p17T0May_12_1050.root 
Sat May 14 22:05:43 CDT 2016 DataR27S0p18T0May_12_1059.root 
Sat May 14 22:06:09 CDT 2016 DataR27S0p19T0May_12_1104.root 
Sat May 14 22:06:33 CDT 2016 DataR27S0p1T0May_12_0916.root 
Sat May 14 22:06:54 CDT 2016 DataR27S0p20T0May_12_1109.root 
Sat May 14 22:07:19 CDT 2016 DataR27S0p21T0May_12_1115.root 
Sat May 14 22:07:44 CDT 2016 DataR27S0p22T0May_12_1123.root 
Sat May 14 22:08:08 CDT 2016 DataR27S0p23T0May_12_1128.root 
Sat May 14 22:08:33 CDT 2016 DataR27S0p24T0May_12_1132.root 
Sat May 14 22:09:00 CDT 2016 DataR27S0p25T0May_12_1141.root 
Sat May 14 22:09:26 CDT 2016 DataR27S0p26T0May_12_1147.root 
Sat May 14 22:10:01 CDT 2016 DataR27S0p27T0May_12_1151.root 
Sat May 14 22:10:29 CDT 2016 DataR27S0p28T0May_12_1200.root 
Sat May 14 22:10:56 CDT 2016 DataR27S0p29T0May_12_1206.root 
Sat May 14 22:11:20 CDT 2016 DataR27S0p2T0May_12_0921.root 
Sat May 14 22:11:46 CDT 2016 DataR27S0p30T0May_12_1210.root 
Sat May 14 22:12:14 CDT 2016 DataR27S0p31T0May_12_1215.root 
Sat May 14 22:12:37 CDT 2016 DataR27S0p3T0May_12_0926.root 
Sat May 14 22:13:05 CDT 2016 DataR27S0p4T0May_12_0934.root 
Sat May 14 22:13:33 CDT 2016 DataR27S0p5T0May_12_0940.root 
Sat May 14 22:13:59 CDT 2016 DataR27S0p6T0May_12_0944.root 
Sat May 14 22:14:28 CDT 2016 DataR27S0p7T0May_12_0949.root 
Sat May 14 22:14:53 CDT 2016 DataR27S0p8T0May_12_0958.root 
Sat May 14 22:15:31 CDT 2016 DataR27S0p9T0May_12_1003.root 
Sat May 14 22:15:54 CDT 2016 DataR27S1p0T0May_12_1224.root 
Sat May 14 22:16:18 CDT 2016 DataR27S1p10T0May_12_1321.root 
Sat May 14 22:16:55 CDT 2016 DataR27S1p11T0May_12_1329.root 
Sat May 14 22:17:27 CDT 2016 DataR27S1p12T0May_12_1334.root 
Sat May 14 22:17:55 CDT 2016 DataR27S1p13T0May_12_1339.root 
Sat May 14 22:18:21 CDT 2016 DataR27S1p14T0May_12_1345.root 
Sat May 14 22:18:51 CDT 2016 DataR27S1p15T0May_12_1352.root 
Sat May 14 22:19:16 CDT 2016 DataR27S1p16T0May_12_1356.root 
Sat May 14 22:19:42 CDT 2016 DataR27S1p17T0May_12_1401.root 
Sat May 14 22:20:07 CDT 2016 DataR27S1p18T0May_12_1408.root 
Sat May 14 22:20:32 CDT 2016 DataR27S1p19T0May_12_1415.root 
Sat May 14 22:21:00 CDT 2016 DataR27S1p1T0May_12_1229.root 
Sat May 14 22:21:25 CDT 2016 DataR27S1p20T0May_12_1420.root 
Sat May 14 22:21:51 CDT 2016 DataR27S1p21T0May_12_1424.root 
Sat May 14 22:22:17 CDT 2016 DataR27S1p22T0May_12_1430.root 
Sat May 14 22:22:41 CDT 2016 DataR27S1p2T0May_12_1233.root 
Sat May 14 22:23:05 CDT 2016 DataR27S1p3T0May_12_1242.root 
Sat May 14 22:23:31 CDT 2016 DataR27S1p4T0May_12_1248.root 
Sat May 14 22:23:57 CDT 2016 DataR27S1p5T0May_12_1252.root 
Sat May 14 22:24:23 CDT 2016 DataR27S1p6T0May_12_1257.root 
Sat May 14 22:24:50 CDT 2016 DataR27S1p7T0May_12_1306.root 
Sat May 14 22:25:14 CDT 2016 DataR27S1p8T0May_12_1311.root 
Sat May 14 22:25:45 CDT 2016 DataR27S1p9T0May_12_1315.root 
Sat May 14 22:26:13 CDT 2016 DataR27S2p0T0May_12_1438.root 
Sat May 14 22:26:38 CDT 2016 DataR27S2p10T0May_12_1531.root 
Sat May 14 22:27:12 CDT 2016 DataR27S2p11T0May_12_1536.root 
Sat May 14 22:27:36 CDT 2016 DataR27S2p12T0May_12_1540.root 
Sat May 14 22:28:04 CDT 2016 DataR27S2p13T0May_12_1547.root 
Sat May 14 22:28:28 CDT 2016 DataR27S2p14T0May_12_1553.root 
Sat May 14 22:28:55 CDT 2016 DataR27S2p15T0May_12_1558.root 
Sat May 14 22:29:17 CDT 2016 DataR27S2p16T0May_12_1602.root 
Sat May 14 22:29:41 CDT 2016 DataR27S2p17T0May_12_1608.root 
Sat May 14 22:30:05 CDT 2016 DataR27S2p18T0May_12_1615.root 
Sat May 14 22:30:27 CDT 2016 DataR27S2p19T0May_12_1620.root 
Sat May 14 22:30:53 CDT 2016 DataR27S2p1T0May_12_1442.root 
Sat May 14 22:31:19 CDT 2016 DataR27S2p20T0May_12_1624.root 
Sat May 14 22:31:44 CDT 2016 DataR27S2p21T0May_12_1629.root 
Sat May 14 22:32:07 CDT 2016 DataR27S2p22T0May_12_1637.root 
Sat May 14 22:32:32 CDT 2016 DataR27S2p23T0May_12_1642.root 
Sat May 14 22:32:57 CDT 2016 DataR27S2p24T0May_12_1646.root 
Sat May 14 22:33:36 CDT 2016 DataR27S2p25T0May_12_1651.root 
Sat May 14 22:34:03 CDT 2016 DataR27S2p26T0May_12_1657.root 
Sat May 14 22:34:24 CDT 2016 DataR27S2p2T0May_12_1447.root 
Sat May 14 22:34:53 CDT 2016 DataR27S2p3T0May_12_1452.root 
Sat May 14 22:35:21 CDT 2016 DataR27S2p4T0May_12_1500.root 
Sat May 14 22:35:48 CDT 2016 DataR27S2p5T0May_12_1505.root 
Sat May 14 22:36:13 CDT 2016 DataR27S2p6T0May_12_1509.root 
Sat May 14 22:36:49 CDT 2016 DataR27S2p7T0May_12_1513.root 
Sat May 14 22:37:14 CDT 2016 DataR27S2p8T0May_12_1520.root 
Sat May 14 22:37:55 CDT 2016 DataR27S2p9T0May_12_1527.root 
Sat May 14 22:38:39 CDT 2016 DataR27S3p0T0May_12_1703.root 
Sat May 14 22:39:06 CDT 2016 DataR27S3p10T0May_12_1757.root 
Sat May 14 22:39:31 CDT 2016 DataR27S3p11T0May_12_1802.root 
Sat May 14 22:39:56 CDT 2016 DataR27S3p12T0May_12_1809.root 
Sat May 14 22:40:18 CDT 2016 DataR27S3p13T0May_12_1814.root 
Sat May 14 22:40:40 CDT 2016 DataR27S3p14T0May_12_1818.root 
Sat May 14 22:41:05 CDT 2016 DataR27S3p15T0May_12_1825.root 
Sat May 14 22:41:27 CDT 2016 DataR27S3p16T0May_12_1832.root 
Sat May 14 22:41:50 CDT 2016 DataR27S3p17T0May_12_1837.root 
Sat May 14 22:42:20 CDT 2016 DataR27S3p18T0May_12_1841.root 
Sat May 14 22:42:48 CDT 2016 DataR27S3p19T0May_12_1848.root 
Sat May 14 22:43:13 CDT 2016 DataR27S3p1T0May_12_1708.root 
Sat May 14 22:43:58 CDT 2016 DataR27S3p20T0May_12_1855.root 
Sat May 14 22:44:25 CDT 2016 DataR27S3p21T0May_12_1859.root 
Sat May 14 22:44:52 CDT 2016 DataR27S3p22T0May_12_1903.root 
Sat May 14 22:45:18 CDT 2016 DataR27S3p23T0May_12_1910.root 
Sat May 14 22:45:48 CDT 2016 DataR27S3p24T0May_12_1917.root 
Sat May 14 22:46:18 CDT 2016 DataR27S3p25T0May_12_1922.root 
Sat May 14 22:46:58 CDT 2016 DataR27S3p26T0May_12_1925.root 
Sat May 14 22:47:18 CDT 2016 DataR27S3p2T0May_12_1712.root 
Sat May 14 22:47:44 CDT 2016 DataR27S3p3T0May_12_1718.root 
Sat May 14 22:48:09 CDT 2016 DataR27S3p4T0May_12_1725.root 
Sat May 14 22:48:35 CDT 2016 DataR27S3p5T0May_12_1730.root 
Sat May 14 22:49:04 CDT 2016 DataR27S3p6T0May_12_1734.root 
Sat May 14 22:49:31 CDT 2016 DataR27S3p7T0May_12_1740.root 
Sat May 14 22:49:57 CDT 2016 DataR27S3p8T0May_12_1748.root 
Sat May 14 22:50:24 CDT 2016 DataR27S3p9T0May_12_1752.root 
Sat May 14 22:50:54 CDT 2016 DataR27S4p0T0May_12_1932.root 
Sat May 14 22:51:27 CDT 2016 DataR27S4p10T0May_12_2029.root 
Sat May 14 22:52:01 CDT 2016 DataR27S4p11T0May_12_2036.root 
Sat May 14 22:52:28 CDT 2016 DataR27S4p12T0May_12_2043.root 
Sat May 14 22:52:55 CDT 2016 DataR27S4p13T0May_12_2048.root 
Sat May 14 22:53:21 CDT 2016 DataR27S4p14T0May_12_2052.root 
Sat May 14 22:53:47 CDT 2016 DataR27S4p15T0May_12_2101.root 
Sat May 14 22:54:13 CDT 2016 DataR27S4p16T0May_12_2106.root 
Sat May 14 22:54:38 CDT 2016 DataR27S4p17T0May_12_2110.root 
Sat May 14 22:55:03 CDT 2016 DataR27S4p18T0May_12_2116.root 
Sat May 14 22:55:32 CDT 2016 DataR27S4p19T0May_12_2124.root 
Sat May 14 22:56:00 CDT 2016 DataR27S4p1T0May_12_1939.root 
Sat May 14 22:56:26 CDT 2016 DataR27S4p20T0May_12_2129.root 
Sat May 14 22:56:54 CDT 2016 DataR27S4p21T0May_12_2133.root 
Sat May 14 22:57:17 CDT 2016 DataR27S4p22T0May_12_2142.root 
Sat May 14 22:57:43 CDT 2016 DataR27S4p23T0May_12_2147.root 
Sat May 14 22:58:10 CDT 2016 DataR27S4p24T0May_12_2152.root 
Sat May 14 22:58:35 CDT 2016 DataR27S4p25T0May_12_2200.root 
Sat May 14 22:59:06 CDT 2016 DataR27S4p26T0May_12_2206.root 
Sat May 14 22:59:36 CDT 2016 DataR27S4p27T0May_12_2210.root 
Sat May 14 23:00:07 CDT 2016 DataR27S4p28T0May_12_2217.root 
Sat May 14 23:00:38 CDT 2016 DataR27S4p29T0May_12_2224.root 
Sat May 14 23:01:07 CDT 2016 DataR27S4p2T0May_12_1944.root 
Sat May 14 23:01:45 CDT 2016 DataR27S4p30T0May_12_2229.root 
Sat May 14 23:02:14 CDT 2016 DataR27S4p31T0May_12_2234.root 
Sat May 14 23:02:45 CDT 2016 DataR27S4p32T0May_12_2242.root 
Sat May 14 23:03:22 CDT 2016 DataR27S4p33T0May_12_2247.root 
Sat May 14 23:03:56 CDT 2016 DataR27S4p34T0May_12_2254.root 
Sat May 14 23:04:25 CDT 2016 DataR27S4p35T0May_12_2301.root 
Sat May 14 23:04:51 CDT 2016 DataR27S4p36T0May_12_2306.root 
Sat May 14 23:05:18 CDT 2016 DataR27S4p37T0May_12_2312.root 
Sat May 14 23:05:48 CDT 2016 DataR27S4p38T0May_12_2317.root 
Sat May 14 23:06:10 CDT 2016 DataR27S4p3T0May_12_1948.root 
Sat May 14 23:06:42 CDT 2016 DataR27S4p4T0May_12_1956.root 
Sat May 14 23:07:14 CDT 2016 DataR27S4p5T0May_12_2002.root 
Sat May 14 23:07:42 CDT 2016 DataR27S4p6T0May_12_2007.root 
Sat May 14 23:08:12 CDT 2016 DataR27S4p7T0May_12_2011.root 
Sat May 14 23:08:41 CDT 2016 DataR27S4p8T0May_12_2020.root 
Sat May 14 23:09:08 CDT 2016 DataR27S4p9T0May_12_2025.root 
Sat May 14 23:09:34 CDT 2016 DataR28S0p0T0May_13_1022.root 
Sat May 14 23:10:03 CDT 2016 DataR28S0p10T0May_13_1159.root 
Sat May 14 23:10:33 CDT 2016 DataR28S0p11T0May_13_1205.root 
Sat May 14 23:11:02 CDT 2016 DataR28S0p12T0May_13_1210.root 
Sat May 14 23:11:33 CDT 2016 DataR28S0p13T0May_13_1223.root 
Sat May 14 23:11:59 CDT 2016 DataR28S0p14T0May_13_1228.root 
Sat May 14 23:12:28 CDT 2016 DataR28S0p15T0May_13_1242.root 
Sat May 14 23:12:55 CDT 2016 DataR28S0p16T0May_13_1247.root 
Sat May 14 23:13:26 CDT 2016 DataR28S0p17T0May_13_1252.root 
Sat May 14 23:13:56 CDT 2016 DataR28S0p18T0May_13_1305.root 
Sat May 14 23:14:21 CDT 2016 DataR28S0p19T0May_13_1310.root 
Sat May 14 23:15:05 CDT 2016 DataR28S0p1T0May_13_1036.root 
Sat May 14 23:15:33 CDT 2016 DataR28S0p20T0May_13_1315.root 
Sat May 14 23:16:01 CDT 2016 DataR28S0p21T0May_13_1326.root 
Sat May 14 23:16:29 CDT 2016 DataR28S0p22T0May_13_1332.root 
Sat May 14 23:17:17 CDT 2016 DataR28S0p23T0May_13_1336.root 
Sat May 14 23:17:40 CDT 2016 DataR28S0p24T0May_13_1347.root 
Sat May 14 23:18:09 CDT 2016 DataR28S0p25T0May_13_1348.root 
Sat May 14 23:18:11 CDT 2016 DataR28S0p2T0May_13_1042.root 
Sat May 14 23:18:40 CDT 2016 DataR28S0p3T0May_13_1048.root 
Sat May 14 23:19:08 CDT 2016 DataR28S0p4T0May_13_1102.root 
Sat May 14 23:19:37 CDT 2016 DataR28S0p5T0May_13_1107.root 
Sat May 14 23:20:04 CDT 2016 DataR28S0p6T0May_13_1122.root 
Sat May 14 23:20:33 CDT 2016 DataR28S0p7T0May_13_1127.root 
Sat May 14 23:21:02 CDT 2016 DataR28S0p8T0May_13_1141.root 
Sat May 14 23:21:34 CDT 2016 DataR28S0p9T0May_13_1146.root 
Sat May 14 23:22:01 CDT 2016 DataR28S1p0T0May_13_1354.root 
Sat May 14 23:22:28 CDT 2016 DataR28S1p10T0May_13_1501.root 
Sat May 14 23:22:56 CDT 2016 DataR28S1p11T0May_13_1506.root 
Sat May 14 23:23:24 CDT 2016 DataR28S1p12T0May_13_1511.root 
Sat May 14 23:24:00 CDT 2016 DataR28S1p13T0May_13_1521.root 
Sat May 14 23:24:26 CDT 2016 DataR28S1p14T0May_13_1527.root 
Sat May 14 23:25:01 CDT 2016 DataR28S1p15T0May_13_1531.root 
Sat May 14 23:25:38 CDT 2016 DataR28S1p16T0May_13_1536.root 
Sat May 14 23:26:01 CDT 2016 DataR28S1p17T0May_13_1544.root 
Sat May 14 23:26:29 CDT 2016 DataR28S1p18T0May_13_1549.root 
Sat May 14 23:26:55 CDT 2016 DataR28S1p19T0May_13_1552.root 
Sat May 14 23:27:12 CDT 2016 DataR28S1p1T0May_13_1358.root 
Sat May 14 23:27:40 CDT 2016 DataR28S1p2T0May_13_1404.root 
Sat May 14 23:28:23 CDT 2016 DataR28S1p3T0May_13_1415.root 
Sat May 14 23:29:06 CDT 2016 DataR28S1p4T0May_13_1419.root 
Sat May 14 23:29:48 CDT 2016 DataR28S1p5T0May_13_1424.root 
Sat May 14 23:30:30 CDT 2016 DataR28S1p6T0May_13_1436.root 
Sat May 14 23:30:55 CDT 2016 DataR28S1p7T0May_13_1441.root 
Sat May 14 23:31:32 CDT 2016 DataR28S1p8T0May_13_1445.root 
Sat May 14 23:32:01 CDT 2016 DataR28S1p9T0May_13_1450.root 
Sat May 14 23:32:31 CDT 2016 DataR28S2p0T0May_13_1605.root 
Sat May 14 23:32:59 CDT 2016 DataR28S2p10T0May_13_1658.root 
Sat May 14 23:33:39 CDT 2016 DataR28S2p11T0May_13_1703.root 
Sat May 14 23:34:09 CDT 2016 DataR28S2p12T0May_13_1711.root 
Sat May 14 23:34:33 CDT 2016 DataR28S2p13T0May_13_1716.root 
Sat May 14 23:34:58 CDT 2016 DataR28S2p14T0May_13_1720.root 
Sat May 14 23:35:33 CDT 2016 DataR28S2p15T0May_13_1725.root 
Sat May 14 23:35:59 CDT 2016 DataR28S2p16T0May_13_1733.root 
Sat May 14 23:36:24 CDT 2016 DataR28S2p17T0May_13_1738.root 
Sat May 14 23:36:48 CDT 2016 DataR28S2p18T0May_13_1743.root 
Sat May 14 23:37:11 CDT 2016 DataR28S2p19T0May_13_1747.root 
Sat May 14 23:37:39 CDT 2016 DataR28S2p1T0May_13_1610.root 
Sat May 14 23:38:00 CDT 2016 DataR28S2p20T0May_13_1755.root 
Sat May 14 23:38:29 CDT 2016 DataR28S2p21T0May_13_1800.root 
Sat May 14 23:38:54 CDT 2016 DataR28S2p22T0May_13_1805.root 
Sat May 14 23:39:20 CDT 2016 DataR28S2p23T0May_13_1810.root 
Sat May 14 23:39:46 CDT 2016 DataR28S2p24T0May_13_1818.root 
Sat May 14 23:40:15 CDT 2016 DataR28S2p25T0May_13_1823.root 
Sat May 14 23:40:42 CDT 2016 DataR28S2p26T0May_13_1827.root 
Sat May 14 23:41:26 CDT 2016 DataR28S2p27T0May_13_1833.root 
Sat May 14 23:41:53 CDT 2016 DataR28S2p28T0May_13_1841.root 
Sat May 14 23:42:26 CDT 2016 DataR28S2p29T0May_13_1845.root 
Sat May 14 23:42:52 CDT 2016 DataR28S2p2T0May_13_1614.root 
Sat May 14 23:43:20 CDT 2016 DataR28S2p30T0May_13_1850.root 
Sat May 14 23:43:43 CDT 2016 DataR28S2p31T0May_13_1857.root 
Sat May 14 23:44:09 CDT 2016 DataR28S2p32T0May_13_1903.root 
Sat May 14 23:44:34 CDT 2016 DataR28S2p33T0May_13_1908.root 
Sat May 14 23:45:30 CDT 2016 DataR28S2p34T0May_13_1912.root 
Sat May 14 23:45:56 CDT 2016 DataR28S2p35T0May_13_1920.root 
Sat May 14 23:46:23 CDT 2016 DataR28S2p36T0May_13_1926.root 
Sat May 14 23:46:53 CDT 2016 DataR28S2p37T0May_13_1929.root 
Sat May 14 23:47:16 CDT 2016 DataR28S2p3T0May_13_1619.root 
Sat May 14 23:47:42 CDT 2016 DataR28S2p4T0May_13_1626.root 
Sat May 14 23:48:14 CDT 2016 DataR28S2p5T0May_13_1631.root 
Sat May 14 23:48:39 CDT 2016 DataR28S2p6T0May_13_1636.root 
Sat May 14 23:49:07 CDT 2016 DataR28S2p7T0May_13_1641.root 
Sat May 14 23:49:35 CDT 2016 DataR28S2p8T0May_13_1649.root 
Sat May 14 23:50:01 CDT 2016 DataR28S2p9T0May_13_1653.root 
Sat May 14 23:50:33 CDT 2016 DataR28S3p0T0May_13_1935.root 
Sat May 14 23:51:24 CDT 2016 DataR28S3p10T0May_13_2033.root 
Sat May 14 23:51:55 CDT 2016 DataR28S3p11T0May_13_2039.root 
Sat May 14 23:52:28 CDT 2016 DataR28S3p12T0May_13_2047.root 
Sat May 14 23:52:58 CDT 2016 DataR28S3p13T0May_13_2051.root 
Sat May 14 23:53:29 CDT 2016 DataR28S3p14T0May_13_2056.root 
Sat May 14 23:54:03 CDT 2016 DataR28S3p15T0May_13_2103.root 
Sat May 14 23:54:31 CDT 2016 DataR28S3p16T0May_13_2109.root 
Sat May 14 23:54:53 CDT 2016 DataR28S3p17T0May_13_2114.root 
Sat May 14 23:55:23 CDT 2016 DataR28S3p18T0May_13_2119.root 
Sat May 14 23:55:54 CDT 2016 DataR28S3p19T0May_13_2127.root 
Sat May 14 23:56:23 CDT 2016 DataR28S3p1T0May_13_1943.root 
Sat May 14 23:56:49 CDT 2016 DataR28S3p20T0May_13_2132.root 
Sat May 14 23:57:22 CDT 2016 DataR28S3p21T0May_13_2136.root 
Sat May 14 23:57:49 CDT 2016 DataR28S3p22T0May_13_2144.root 
Sat May 14 23:58:24 CDT 2016 DataR28S3p23T0May_13_2150.root 
Sat May 14 23:58:52 CDT 2016 DataR28S3p24T0May_13_2154.root 
Sat May 14 23:59:31 CDT 2016 DataR28S3p25T0May_13_2201.root 
Sat May 14 23:59:56 CDT 2016 DataR28S3p26T0May_13_2211.root 
Sun May 15 00:00:27 CDT 2016 DataR28S3p27T0May_13_2216.root 
Sun May 15 00:00:57 CDT 2016 DataR28S3p28T0May_13_2231.root 
Sun May 15 00:01:25 CDT 2016 DataR28S3p29T0May_13_2237.root 
Sun May 15 00:01:47 CDT 2016 DataR28S3p2T0May_13_1948.root 
Sun May 15 00:02:13 CDT 2016 DataR28S3p30T0May_13_2247.root 
Sun May 15 00:02:27 CDT 2016 DataR28S3p3T0May_13_1953.root 
Sun May 15 00:02:52 CDT 2016 DataR28S3p4T0May_13_1959.root 
Sun May 15 00:03:17 CDT 2016 DataR28S3p5T0May_13_2006.root 
Sun May 15 00:03:45 CDT 2016 DataR28S3p6T0May_13_2011.root 
Sun May 15 00:04:10 CDT 2016 DataR28S3p7T0May_13_2015.root 
Sun May 15 00:04:33 CDT 2016 DataR28S3p8T0May_13_2023.root 
Sun May 15 00:04:58 CDT 2016 DataR28S3p9T0May_13_2029.root 
Sun May 15 00:05:22 CDT 2016 DataR29S0p0T0May_14_1131.root 
Sun May 15 00:05:47 CDT 2016 DataR29S0p10T0May_14_1255.root 
Sun May 15 00:06:22 CDT 2016 DataR29S0p11T0May_14_1303.root 
Sun May 15 00:06:52 CDT 2016 DataR29S0p12T0May_14_1311.root 
Sun May 15 00:07:20 CDT 2016 DataR29S0p13T0May_14_1320.root 
Sun May 15 00:07:43 CDT 2016 DataR29S0p14T0May_14_1328.root 
Sun May 15 00:08:08 CDT 2016 DataR29S0p15T0May_14_1336.root 
Sun May 15 00:08:34 CDT 2016 DataR29S0p16T0May_14_1345.root 
Sun May 15 00:09:00 CDT 2016 DataR29S0p17T0May_14_1354.root 
Sun May 15 00:09:25 CDT 2016 DataR29S0p18T0May_14_1402.root 
Sun May 15 00:09:51 CDT 2016 DataR29S0p19T0May_14_1410.root 
Sun May 15 00:10:30 CDT 2016 DataR29S0p1T0May_14_1140.root 
Sun May 15 00:11:03 CDT 2016 DataR29S0p20T0May_14_1419.root 
Sun May 15 00:11:28 CDT 2016 DataR29S0p21T0May_14_1426.root 
Sun May 15 00:11:52 CDT 2016 DataR29S0p22T0May_14_1435.root 
Sun May 15 00:12:15 CDT 2016 DataR29S0p23T0May_14_1443.root 
Sun May 15 00:12:41 CDT 2016 DataR29S0p24T0May_14_1444.root 
Sun May 15 00:12:45 CDT 2016 DataR29S0p2T0May_14_1148.root 
Sun May 15 00:13:12 CDT 2016 DataR29S0p3T0May_14_1156.root 
Sun May 15 00:13:37 CDT 2016 DataR29S0p4T0May_14_1205.root 
Sun May 15 00:14:02 CDT 2016 DataR29S0p5T0May_14_1213.root 
Sun May 15 00:14:27 CDT 2016 DataR29S0p6T0May_14_1221.root 
Sun May 15 00:14:52 CDT 2016 DataR29S0p7T0May_14_1230.root 
Sun May 15 00:15:20 CDT 2016 DataR29S0p8T0May_14_1238.root 
Sun May 15 00:15:45 CDT 2016 DataR29S0p9T0May_14_1247.root 
Sun May 15 00:16:17 CDT 2016 DataR2S0p0T0Apr_15_1227.root 
Sun May 15 00:16:57 CDT 2016 DataR2S0p10T0Apr_15_1309.root 
Sun May 15 00:17:22 CDT 2016 DataR2S0p11T0Apr_15_1313.root 
Sun May 15 00:17:51 CDT 2016 DataR2S0p12T0Apr_15_1317.root 
Sun May 15 00:18:16 CDT 2016 DataR2S0p13T0Apr_15_1321.root 
Sun May 15 00:18:41 CDT 2016 DataR2S0p14T0Apr_15_1325.root 
Sun May 15 00:19:05 CDT 2016 DataR2S0p15T0Apr_15_1329.root 
Sun May 15 00:19:31 CDT 2016 DataR2S0p16T0Apr_15_1333.root 
Sun May 15 00:19:54 CDT 2016 DataR2S0p17T0Apr_15_1338.root 
Sun May 15 00:20:17 CDT 2016 DataR2S0p18T0Apr_15_1342.root 
Sun May 15 00:20:42 CDT 2016 DataR2S0p19T0Apr_15_1346.root 
Sun May 15 00:21:06 CDT 2016 DataR2S0p1T0Apr_15_1232.root 
Sun May 15 00:21:31 CDT 2016 DataR2S0p20T0Apr_15_1350.root 
Sun May 15 00:21:53 CDT 2016 DataR2S0p21T0Apr_15_1354.root 
Sun May 15 00:22:17 CDT 2016 DataR2S0p22T0Apr_15_1358.root 
Sun May 15 00:22:39 CDT 2016 DataR2S0p23T0Apr_15_1402.root 
Sun May 15 00:23:00 CDT 2016 DataR2S0p24T0Apr_15_1406.root 
Sun May 15 00:23:22 CDT 2016 DataR2S0p25T0Apr_15_1407.root 
Sun May 15 00:23:43 CDT 2016 DataR2S0p2T0Apr_15_1236.root 
Sun May 15 00:24:41 CDT 2016 DataR2S0p3T0Apr_15_1240.root 
Sun May 15 00:25:05 CDT 2016 DataR2S0p4T0Apr_15_1244.root 
Sun May 15 00:25:30 CDT 2016 DataR2S0p5T0Apr_15_1248.root 
Sun May 15 00:25:54 CDT 2016 DataR2S0p6T0Apr_15_1252.root 
Sun May 15 00:26:16 CDT 2016 DataR2S0p7T0Apr_15_1256.root 
Sun May 15 00:26:39 CDT 2016 DataR2S0p8T0Apr_15_1300.root 
Sun May 15 00:27:01 CDT 2016 DataR2S0p9T0Apr_15_1305.root 
Sun May 15 00:27:23 CDT 2016 DataR3S0p0T0Apr_15_1421.root 
Sun May 15 00:27:45 CDT 2016 DataR3S0p1T0Apr_15_1430.root 
Sun May 15 00:28:08 CDT 2016 DataR3S0p2T0Apr_15_1433.root 
Sun May 15 00:28:15 CDT 2016 DataR3S0p3T0Apr_15_1433.root 
Sun May 15 00:28:17 CDT 2016 DataR3S1p28T0Apr_15_1848.root 
Sun May 15 00:28:24 CDT 2016 DataR3S1p29T0Apr_15_1856.root 
Sun May 15 00:28:46 CDT 2016 DataR3S1p30T0Apr_15_1857.root 
Sun May 15 00:28:49 CDT 2016 DataR4S0p0T0Apr_16_0942.root 
Sun May 15 00:29:11 CDT 2016 DataR4S0p1T0Apr_16_0945.root 
Sun May 15 00:29:21 CDT 2016 DataR5S0p0T0Apr_16_0946.root 
Sun May 15 00:29:22 CDT 2016 DataR5S0p1T0Apr_16_0952.root 
Sun May 15 00:29:38 CDT 2016 DataR6S0p0T0Apr_16_1002.root 
Sun May 15 00:30:00 CDT 2016 DataR6S0p1T0Apr_16_1004.root 
Sun May 15 00:30:05 CDT 2016 DataR7S0p0T0Apr_16_1016.root 
Sun May 15 00:30:26 CDT 2016 DataR7S0p10T0Apr_16_1142.root 
Sun May 15 00:30:49 CDT 2016 DataR7S0p11T0Apr_16_1151.root 
Sun May 15 00:31:11 CDT 2016 DataR7S0p12T0Apr_16_1159.root 
Sun May 15 00:31:33 CDT 2016 DataR7S0p13T0Apr_16_1208.root 
Sun May 15 00:31:55 CDT 2016 DataR7S0p14T0Apr_16_1217.root 
Sun May 15 00:32:18 CDT 2016 DataR7S0p15T0Apr_16_1225.root 
Sun May 15 00:32:40 CDT 2016 DataR7S0p16T0Apr_16_1234.root 
Sun May 15 00:33:02 CDT 2016 DataR7S0p17T0Apr_16_1242.root 
Sun May 15 00:33:25 CDT 2016 DataR7S0p18T0Apr_16_1251.root 
Sun May 15 00:33:47 CDT 2016 DataR7S0p19T0Apr_16_1300.root 
Sun May 15 00:34:10 CDT 2016 DataR7S0p1T0Apr_16_1024.root 
Sun May 15 00:34:33 CDT 2016 DataR7S0p20T0Apr_16_1308.root 
Sun May 15 00:34:56 CDT 2016 DataR7S0p21T0Apr_16_1317.root 
Sun May 15 00:35:18 CDT 2016 DataR7S0p22T0Apr_16_1326.root 
Sun May 15 00:35:40 CDT 2016 DataR7S0p23T0Apr_16_1334.root 
Sun May 15 00:36:02 CDT 2016 DataR7S0p24T0Apr_16_1343.root 
Sun May 15 00:36:25 CDT 2016 DataR7S0p25T0Apr_16_1351.root 
Sun May 15 00:36:47 CDT 2016 DataR7S0p26T0Apr_16_1400.root 
Sun May 15 00:37:23 CDT 2016 DataR7S0p27T0Apr_16_1409.root 
Sun May 15 00:37:46 CDT 2016 DataR7S0p28T0Apr_16_1417.root 
Sun May 15 00:38:08 CDT 2016 DataR7S0p29T0Apr_16_1427.root 
Sun May 15 00:38:30 CDT 2016 DataR7S0p2T0Apr_16_1033.root 
Sun May 15 00:38:52 CDT 2016 DataR7S0p30T0Apr_16_1437.root 
Sun May 15 00:39:15 CDT 2016 DataR7S0p31T0Apr_16_1448.root 
Sun May 15 00:39:37 CDT 2016 DataR7S0p32T0Apr_16_1457.root 
Sun May 15 00:39:59 CDT 2016 DataR7S0p33T0Apr_16_1505.root 
Sun May 15 00:40:22 CDT 2016 DataR7S0p34T0Apr_16_1514.root 
Sun May 15 00:40:44 CDT 2016 DataR7S0p35T0Apr_16_1523.root 
Sun May 15 00:41:07 CDT 2016 DataR7S0p36T0Apr_16_1531.root 
Sun May 15 00:41:29 CDT 2016 DataR7S0p37T0Apr_16_1540.root 
Sun May 15 00:41:51 CDT 2016 DataR7S0p38T0Apr_16_1549.root 
Sun May 15 00:42:14 CDT 2016 DataR7S0p39T0Apr_16_1557.root 
Sun May 15 00:42:37 CDT 2016 DataR7S0p3T0Apr_16_1042.root 
Sun May 15 00:42:59 CDT 2016 DataR7S0p40T0Apr_16_1606.root 
Sun May 15 00:43:21 CDT 2016 DataR7S0p41T0Apr_16_1614.root 
Sun May 15 00:43:49 CDT 2016 DataR7S0p42T0Apr_16_1623.root 
Sun May 15 00:44:12 CDT 2016 DataR7S0p43T0Apr_16_1632.root 
Sun May 15 00:44:34 CDT 2016 DataR7S0p44T0Apr_16_1640.root 
Sun May 15 00:44:57 CDT 2016 DataR7S0p45T0Apr_16_1649.root 
Sun May 15 00:45:29 CDT 2016 DataR7S0p46T0Apr_16_1658.root 
Sun May 15 00:45:51 CDT 2016 DataR7S0p47T0Apr_16_1706.root 
Sun May 15 00:46:14 CDT 2016 DataR7S0p48T0Apr_16_1715.root 
Sun May 15 00:46:36 CDT 2016 DataR7S0p49T0Apr_16_1723.root 
Sun May 15 00:46:59 CDT 2016 DataR7S0p4T0Apr_16_1050.root 
Sun May 15 00:47:21 CDT 2016 DataR7S0p50T0Apr_16_1732.root 
Sun May 15 00:47:43 CDT 2016 DataR7S0p51T0Apr_16_1741.root 
Sun May 15 00:48:05 CDT 2016 DataR7S0p52T0Apr_16_1749.root 
Sun May 15 00:48:29 CDT 2016 DataR7S0p53T0Apr_16_1758.root 
Sun May 15 00:48:51 CDT 2016 DataR7S0p54T0Apr_16_1807.root 
Sun May 15 00:49:13 CDT 2016 DataR7S0p55T0Apr_16_1815.root 
Sun May 15 00:49:36 CDT 2016 DataR7S0p56T0Apr_16_1824.root 
Sun May 15 00:49:58 CDT 2016 DataR7S0p57T0Apr_16_1832.root 
Sun May 15 00:50:21 CDT 2016 DataR7S0p58T0Apr_16_1841.root 
Sun May 15 00:50:43 CDT 2016 DataR7S0p59T0Apr_16_1850.root 
Sun May 15 00:51:04 CDT 2016 DataR7S0p5T0Apr_16_1059.root 
Sun May 15 00:51:42 CDT 2016 DataR7S0p60T0Apr_16_1858.root 
Sun May 15 00:52:04 CDT 2016 DataR7S0p61T0Apr_16_1907.root 
Sun May 15 00:52:26 CDT 2016 DataR7S0p62T0Apr_16_1916.root 
Sun May 15 00:52:48 CDT 2016 DataR7S0p63T0Apr_16_1924.root 
Sun May 15 00:53:10 CDT 2016 DataR7S0p64T0Apr_16_1933.root 
Sun May 15 00:53:32 CDT 2016 DataR7S0p65T0Apr_16_1941.root 
Sun May 15 00:53:54 CDT 2016 DataR7S0p66T0Apr_16_1950.root 
Sun May 15 00:54:15 CDT 2016 DataR7S0p67T0Apr_16_1959.root 
Sun May 15 00:54:38 CDT 2016 DataR7S0p68T0Apr_16_2007.root 
Sun May 15 00:55:00 CDT 2016 DataR7S0p69T0Apr_16_2016.root 
Sun May 15 00:55:23 CDT 2016 DataR7S0p6T0Apr_16_1108.root 
Sun May 15 00:55:44 CDT 2016 DataR7S0p70T0Apr_16_2025.root 
Sun May 15 00:56:06 CDT 2016 DataR7S0p71T0Apr_16_2033.root 
Sun May 15 00:56:28 CDT 2016 DataR7S0p72T0Apr_16_2042.root 
Sun May 15 00:56:51 CDT 2016 DataR7S0p73T0Apr_16_2050.root 
Sun May 15 00:57:12 CDT 2016 DataR7S0p74T0Apr_16_2059.root 
Sun May 15 00:57:35 CDT 2016 DataR7S0p75T0Apr_16_2108.root 
Sun May 15 00:57:58 CDT 2016 DataR7S0p76T0Apr_16_2116.root 
Sun May 15 00:58:20 CDT 2016 DataR7S0p77T0Apr_16_2125.root 
Sun May 15 00:58:42 CDT 2016 DataR7S0p78T0Apr_16_2134.root 
Sun May 15 00:59:05 CDT 2016 DataR7S0p79T0Apr_16_2142.root 
Sun May 15 00:59:27 CDT 2016 DataR7S0p7T0Apr_16_1116.root 
Sun May 15 00:59:49 CDT 2016 DataR7S0p80T0Apr_16_2150.root 
Sun May 15 01:00:10 CDT 2016 DataR7S0p8T0Apr_16_1125.root 
Sun May 15 01:00:32 CDT 2016 DataR7S0p9T0Apr_16_1133.root 
Sun May 15 01:01:10 CDT 2016 DataR7S1p0T0Apr_17_0853.root 
Sun May 15 01:01:33 CDT 2016 DataR7S1p1T0Apr_17_0859.root 
Sun May 15 01:01:49 CDT 2016 DataR8S0p0T0Apr_25_1726.root 
Sun May 15 01:01:50 CDT 2016 DataR8S0p1T0Apr_25_1834.root 
Sun May 15 01:01:50 CDT 2016 DataR9S0p0T0Apr_26_0510.root 
Sun May 15 01:01:51 CDT 2016 DataR9S0p1T0Apr_26_0511.root 
