

Tue Jun 14 19:43:03 CDT 2016 rsyncstash 20160614


Tue Jun 14 19:45:43 CDT 2016 rsyncstash 20160614
0 files added


Tue Jun 14 19:47:11 CDT 2016 rsyncstash 20160614
0 files added


Tue Jun 14 19:49:06 CDT 2016 rsyncstash 20160614
skipping directory stored
0 files added


Tue Jun 14 19:50:40 CDT 2016 rsyncstash 20160614
skipping directory stored
0 files added


Tue Jun 14 19:51:04 CDT 2016 rsyncstash 20160614
384 files added


Tue Jun 14 19:51:33 CDT 2016 rsyncstash 20160614
384 files added


Tue Jun 14 19:51:48 CDT 2016 rsyncstash 20160614
0 files added


Wed Jun 15 08:42:21 CDT 2016 rsyncstash 20160614
1233 files added


Wed Jun 15 08:46:30 CDT 2016 rsyncstash 20160614
139 files added


Wed Jun 15 10:45:01 CDT 2016 rsyncstash 20160614
0 files added


Thu Jun 16 00:28:01 CDT 2016 rsyncstash 20160614
0 files added


Fri Jun 17 00:28:02 CDT 2016 rsyncstash 20160614
0 files added


Sat Jun 18 00:28:01 CDT 2016 rsyncstash 20160614
171 files added


Sun Jun 19 00:28:01 CDT 2016 rsyncstash 20160614
40 files added


Mon Jun 20 00:28:01 CDT 2016 rsyncstash 20160614
73 files added


Tue Jun 21 00:28:01 CDT 2016 rsyncstash 20160614
52 files added


Wed Jun 22 00:28:01 CDT 2016 rsyncstash 20160614
54 files added


Thu Jun 23 00:28:01 CDT 2016 rsyncstash 20160614
60 files added


Fri Jun 24 00:28:01 CDT 2016 rsyncstash 20160614
60 files added


Sat Jun 25 00:28:01 CDT 2016 rsyncstash 20160614
79 files added


Sun Jun 26 00:28:01 CDT 2016 rsyncstash 20160614
73 files added


Mon Jun 27 00:28:01 CDT 2016 rsyncstash 20160614
61 files added


Tue Jun 28 00:28:01 CDT 2016 rsyncstash 20160614
69 files added


Wed Jun 29 00:28:02 CDT 2016 rsyncstash 20160614
69 files added


Thu Jun 30 00:28:01 CDT 2016 rsyncstash 20160614
89 files added


Fri Jul  1 00:28:01 CDT 2016 rsyncstash 20160614
34 files added


Sat Jul  2 00:28:01 CDT 2016 rsyncstash 20160614
54 files added


Sun Jul  3 00:28:01 CDT 2016 rsyncstash 20160614
56 files added


Mon Jul  4 00:28:01 CDT 2016 rsyncstash 20160614
66 files added


Tue Jul  5 00:28:01 CDT 2016 rsyncstash 20160614
95 files added


Wed Jul  6 00:28:01 CDT 2016 rsyncstash 20160614
81 files added


Thu Jul  7 00:28:01 CDT 2016 rsyncstash 20160614
75 files added


Fri Jul  8 00:28:02 CDT 2016 rsyncstash 20160614
81 files added


Sat Jul  9 00:28:02 CDT 2016 rsyncstash 20160614
98 files added


Sun Jul 10 00:28:01 CDT 2016 rsyncstash 20160614
86 files added


Mon Jul 11 00:28:01 CDT 2016 rsyncstash 20160614
72 files added


Tue Jul 12 00:28:01 CDT 2016 rsyncstash 20160614
91 files added


Wed Jul 13 00:28:01 CDT 2016 rsyncstash 20160614
74 files added


Thu Jul 14 00:28:01 CDT 2016 rsyncstash 20160614
88 files added


Fri Jul 15 00:28:01 CDT 2016 rsyncstash 20160614
80 files added


Sat Jul 16 00:28:01 CDT 2016 rsyncstash 20160614
103 files added


Sun Jul 17 00:28:01 CDT 2016 rsyncstash 20160614
93 files added


Mon Jul 18 00:28:01 CDT 2016 rsyncstash 20160614
87 files added


Tue Jul 19 00:28:01 CDT 2016 rsyncstash 20160614
76 files added


Wed Jul 20 00:28:01 CDT 2016 rsyncstash 20160614
78 files added


Thu Jul 21 00:28:01 CDT 2016 rsyncstash 20160614
435 files added


Fri Jul 22 00:28:01 CDT 2016 rsyncstash 20160614
651 files added


Sat Jul 23 00:28:01 CDT 2016 rsyncstash 20160614
339 files added


Sun Jul 24 00:28:01 CDT 2016 rsyncstash 20160614
0 files added


Mon Jul 25 00:28:02 CDT 2016 rsyncstash 20160614
0 files added


Tue Jul 26 00:28:01 CDT 2016 rsyncstash 20160614
0 files added


Wed Jul 27 00:28:01 CDT 2016 rsyncstash 20160614
727 files added


Thu Jul 28 00:28:01 CDT 2016 rsyncstash 20160614
0 files added


Fri Jul 29 00:28:01 CDT 2016 rsyncstash 20160614
1 files added


Sat Jul 30 00:28:01 CDT 2016 rsyncstash 20160614
0 files added


Sun Jul 31 00:28:01 CDT 2016 rsyncstash 20160614
508 files added


Mon Aug  1 00:28:01 CDT 2016 rsyncstash 20160614
0 files added


Tue Aug  2 00:28:01 CDT 2016 rsyncstash 20160614
kinit: Resource temporarily unavailable while getting initial credentials
ssh: Could not resolve hostname anniegpvm01: Temporary failure in name resolution
rsync: connection unexpectedly closed (0 bytes received so far) [receiver]
rsync error: unexplained error (code 255) at io.c(600) [receiver=3.0.6]
0 files added


Wed Aug  3 00:28:01 CDT 2016 rsyncstash 20160614
44 files added


Sat Aug  6 00:28:02 CDT 2016 rsyncstash 20160614
0 files added


Sun Aug  7 00:28:01 CDT 2016 rsyncstash 20160614
0 files added


Mon Aug  8 00:28:01 CDT 2016 rsyncstash 20160614
0 files added


Tue Aug  9 00:28:01 CDT 2016 rsyncstash 20160614
0 files added


Wed Aug 10 00:28:01 CDT 2016 rsyncstash 20160614
162 files added


Thu Aug 11 00:28:01 CDT 2016 rsyncstash 20160614
0 files added


Thu Aug 11 12:50:53 CDT 2016 rsyncstash 20160614
0 files added


Fri Aug 12 00:28:01 CDT 2016 rsyncstash 20160614
3080 files added


Fri Aug 12 10:48:44 CDT 2016 rsyncstash 20160614
1576 files added


Sat Aug 13 00:28:01 CDT 2016 rsyncstash 20160614
0 files added


Sun Aug 14 00:28:01 CDT 2016 rsyncstash 20160614
235 files added


Mon Aug 15 00:28:01 CDT 2016 rsyncstash 20160614
0 files added


Tue Aug 16 00:28:01 CDT 2016 rsyncstash 20160614
0 files added


Wed Aug 17 00:28:02 CDT 2016 rsyncstash 20160614
0 files added


Thu Aug 18 00:28:01 CDT 2016 rsyncstash 20160614
465 files added


Fri Aug 19 00:28:05 CDT 2016 rsyncstash 20160614
629 files added


Sat Aug 20 00:28:01 CDT 2016 rsyncstash 20160614
Host key verification failed.
rsync: connection unexpectedly closed (0 bytes received so far) [receiver]
rsync error: unexplained error (code 255) at io.c(600) [receiver=3.0.6]
0 files added


Sun Aug 21 00:28:01 CDT 2016 rsyncstash 20160614
Host key verification failed.
rsync: connection unexpectedly closed (0 bytes received so far) [receiver]
rsync error: unexplained error (code 255) at io.c(600) [receiver=3.0.6]
0 files added


Mon Aug 22 00:28:01 CDT 2016 rsyncstash 20160614
Host key verification failed.
rsync: connection unexpectedly closed (0 bytes received so far) [receiver]
rsync error: unexplained error (code 255) at io.c(600) [receiver=3.0.6]
0 files added


Tue Aug 23 00:28:01 CDT 2016 rsyncstash 20160614
4 files added


Wed Aug 24 00:28:01 CDT 2016 rsyncstash 20160614
3 files added


Thu Aug 25 00:28:01 CDT 2016 rsyncstash 20160614
186 files added


Fri Aug 26 00:28:01 CDT 2016 rsyncstash 20160614
582 files added


Sat Aug 27 00:28:01 CDT 2016 rsyncstash 20160614
231 files added


Sun Aug 28 00:28:01 CDT 2016 rsyncstash 20160614
472 files added


Mon Aug 29 00:28:01 CDT 2016 rsyncstash 20160614
347 files added


Tue Aug 30 00:28:01 CDT 2016 rsyncstash 20160614
248 files added


Wed Aug 31 00:28:01 CDT 2016 rsyncstash 20160614
1010 files added


Thu Sep  1 00:28:01 CDT 2016 rsyncstash 20160614
0 files added


Fri Sep  2 00:28:01 CDT 2016 rsyncstash 20160614
480 files added


Sat Sep  3 00:28:01 CDT 2016 rsyncstash 20160614
3401 files added


Sun Sep  4 00:28:01 CDT 2016 rsyncstash 20160614
190 files added


Mon Sep  5 00:28:01 CDT 2016 rsyncstash 20160614
560 files added


Tue Sep  6 00:28:01 CDT 2016 rsyncstash 20160614
745 files added


Wed Sep  7 00:28:01 CDT 2016 rsyncstash 20160614
414 files added


Thu Sep  8 00:28:01 CDT 2016 rsyncstash 20160614
552 files added


Fri Sep  9 00:28:01 CDT 2016 rsyncstash 20160614
571 files added


Sat Sep 10 00:28:01 CDT 2016 rsyncstash 20160614
575 files added


Sun Sep 11 00:28:02 CDT 2016 rsyncstash 20160614
313 files added


Mon Sep 12 00:28:01 CDT 2016 rsyncstash 20160614
535 files added


Tue Sep 13 00:28:01 CDT 2016 rsyncstash 20160614
713 files added


Wed Sep 14 00:28:01 CDT 2016 rsyncstash 20160614
613 files added


Thu Sep 15 00:28:01 CDT 2016 rsyncstash 20160614
662 files added


Fri Sep 16 00:28:01 CDT 2016 rsyncstash 20160614
549 files added


Sun Sep 18 00:28:01 CDT 2016 rsyncstash 20160614
327 files added


Mon Sep 19 00:28:01 CDT 2016 rsyncstash 20160614
85 files added


Tue Sep 20 00:28:01 CDT 2016 rsyncstash 20160614
0 files added


Wed Sep 21 00:28:01 CDT 2016 rsyncstash 20160614
0 files added


Thu Sep 22 00:28:01 CDT 2016 rsyncstash 20160614
0 files added


Fri Sep 23 00:28:01 CDT 2016 rsyncstash 20160614
0 files added


Sat Sep 24 00:28:01 CDT 2016 rsyncstash 20160614
0 files added


Sun Sep 25 00:28:01 CDT 2016 rsyncstash 20160614
0 files added


Mon Sep 26 00:28:01 CDT 2016 rsyncstash 20160614
0 files added


Tue Sep 27 00:28:02 CDT 2016 rsyncstash 20160614
0 files added


Wed Sep 28 00:28:01 CDT 2016 rsyncstash 20160614
0 files added


Thu Sep 29 00:28:01 CDT 2016 rsyncstash 20160614
0 files added


Fri Sep 30 00:28:01 CDT 2016 rsyncstash 20160614
0 files added


Sat Oct  1 00:28:01 CDT 2016 rsyncstash 20160614
0 files added


Mon Oct  3 00:28:01 CDT 2016 rsyncstash 20160614
0 files added


Tue Oct  4 00:28:01 CDT 2016 rsyncstash 20160614
0 files added


Wed Oct  5 00:28:01 CDT 2016 rsyncstash 20160614
0 files added


Thu Oct  6 00:28:01 CDT 2016 rsyncstash 20160614
0 files added


Fri Oct  7 00:28:01 CDT 2016 rsyncstash 20160614
0 files added


Sat Oct  8 00:28:01 CDT 2016 rsyncstash 20160614
0 files added


Sun Oct  9 00:28:01 CDT 2016 rsyncstash 20160614
0 files added


Mon Oct 10 00:28:01 CDT 2016 rsyncstash 20160614
0 files added


Tue Oct 11 00:28:01 CDT 2016 rsyncstash 20160614
0 files added


Wed Oct 12 00:28:01 CDT 2016 rsyncstash 20160614
0 files added


Thu Oct 13 00:28:01 CDT 2016 rsyncstash 20160614
0 files added


Fri Oct 14 00:28:01 CDT 2016 rsyncstash 20160614
0 files added


Sat Oct 15 00:28:01 CDT 2016 rsyncstash 20160614
0 files added


Sun Oct 16 00:28:01 CDT 2016 rsyncstash 20160614
0 files added


Mon Oct 17 00:28:01 CDT 2016 rsyncstash 20160614
0 files added


Tue Oct 18 00:28:01 CDT 2016 rsyncstash 20160614
0 files added


Wed Oct 19 00:28:01 CDT 2016 rsyncstash 20160614
0 files added


Thu Oct 20 00:28:01 CDT 2016 rsyncstash 20160614
0 files added


Fri Oct 21 00:28:01 CDT 2016 rsyncstash 20160614
0 files added


Sat Oct 22 00:28:01 CDT 2016 rsyncstash 20160614
0 files added


Sun Oct 23 00:28:01 CDT 2016 rsyncstash 20160614
0 files added


Mon Oct 24 00:28:01 CDT 2016 rsyncstash 20160614
0 files added


Tue Oct 25 00:28:01 CDT 2016 rsyncstash 20160614
0 files added


Wed Oct 26 00:28:01 CDT 2016 rsyncstash 20160614
0 files added


Thu Oct 27 00:28:01 CDT 2016 rsyncstash 20160614
0 files added


Fri Oct 28 00:28:01 CDT 2016 rsyncstash 20160614
0 files added


Sat Oct 29 00:28:01 CDT 2016 rsyncstash 20160614
0 files added


Sun Oct 30 00:28:01 CDT 2016 rsyncstash 20160614
0 files added


Mon Oct 31 00:28:01 CDT 2016 rsyncstash 20160614
0 files added


Wed Nov  2 00:28:01 CDT 2016 rsyncstash 20160614
441 files added


Thu Nov  3 00:28:01 CDT 2016 rsyncstash 20160614
627 files added


Fri Nov  4 00:28:02 CDT 2016 rsyncstash 20160614
750 files added


Sat Nov  5 00:28:01 CDT 2016 rsyncstash 20160614
860 files added


Sun Nov  6 00:28:01 CDT 2016 rsyncstash 20160614
825 files added


Mon Nov  7 00:28:01 CST 2016 rsyncstash 20160614
781 files added


Tue Nov  8 00:28:01 CST 2016 rsyncstash 20160614
856 files added


Wed Nov  9 00:28:01 CST 2016 rsyncstash 20160614
786 files added


Thu Nov 10 00:28:01 CST 2016 rsyncstash 20160614
801 files added


Fri Nov 11 00:28:01 CST 2016 rsyncstash 20160614
803 files added


Sat Nov 12 00:28:01 CST 2016 rsyncstash 20160614
846 files added


Sun Nov 13 00:28:01 CST 2016 rsyncstash 20160614
773 files added


Mon Nov 14 00:28:01 CST 2016 rsyncstash 20160614
819 files added


Tue Nov 15 00:28:01 CST 2016 rsyncstash 20160614
0 files added


Wed Nov 16 00:28:01 CST 2016 rsyncstash 20160614
1 files added


Thu Nov 17 00:28:01 CST 2016 rsyncstash 20160614
1 files added


Fri Nov 18 00:28:01 CST 2016 rsyncstash 20160614
262 files added


Sat Nov 19 00:28:01 CST 2016 rsyncstash 20160614
1705 files added


Sun Nov 20 00:28:01 CST 2016 rsyncstash 20160614
2852 files added


Mon Nov 21 00:28:01 CST 2016 rsyncstash 20160614
812 files added


Tue Nov 22 00:28:01 CST 2016 rsyncstash 20160614
817 files added


Wed Nov 23 00:28:01 CST 2016 rsyncstash 20160614
662 files added


Thu Nov 24 00:28:01 CST 2016 rsyncstash 20160614
0 files added


Fri Nov 25 00:28:01 CST 2016 rsyncstash 20160614
0 files added


Sat Nov 26 00:28:01 CST 2016 rsyncstash 20160614
0 files added


Sun Nov 27 00:28:01 CST 2016 rsyncstash 20160614
0 files added


Mon Nov 28 00:28:01 CST 2016 rsyncstash 20160614
0 files added


Tue Nov 29 00:28:01 CST 2016 rsyncstash 20160614
0 files added


Wed Nov 30 00:28:02 CST 2016 rsyncstash 20160614
0 files added


Thu Dec  1 00:28:01 CST 2016 rsyncstash 20160614
0 files added


Fri Dec  2 00:28:01 CST 2016 rsyncstash 20160614
0 files added


Sat Dec  3 00:28:01 CST 2016 rsyncstash 20160614
152 files added


Sun Dec  4 00:28:01 CST 2016 rsyncstash 20160614
57 files added


Mon Dec  5 00:28:01 CST 2016 rsyncstash 20160614
159 files added


Tue Dec  6 00:28:01 CST 2016 rsyncstash 20160614
209 files added


Wed Dec  7 00:28:01 CST 2016 rsyncstash 20160614
268 files added


Thu Dec  8 00:28:01 CST 2016 rsyncstash 20160614
583 files added


Fri Dec  9 00:28:01 CST 2016 rsyncstash 20160614
383 files added


Sat Dec 10 00:28:01 CST 2016 rsyncstash 20160614
458 files added


Sun Dec 11 00:28:01 CST 2016 rsyncstash 20160614
0 files added


Mon Dec 12 00:28:01 CST 2016 rsyncstash 20160614
0 files added


Tue Dec 13 00:28:02 CST 2016 rsyncstash 20160614
2294 files added


Wed Dec 14 00:28:01 CST 2016 rsyncstash 20160614
586 files added


Thu Dec 15 00:28:01 CST 2016 rsyncstash 20160614
2633 files added


Fri Dec 16 00:28:01 CST 2016 rsyncstash 20160614
1362 files added


Sat Dec 17 00:28:01 CST 2016 rsyncstash 20160614
14 files added


Sun Dec 18 00:28:01 CST 2016 rsyncstash 20160614
0 files added


Mon Dec 19 00:28:01 CST 2016 rsyncstash 20160614
528 files added


Tue Dec 20 00:28:01 CST 2016 rsyncstash 20160614
665 files added


Wed Dec 21 00:28:01 CST 2016 rsyncstash 20160614
1007 files added


Thu Dec 22 00:28:01 CST 2016 rsyncstash 20160614
824 files added


Fri Dec 23 00:28:01 CST 2016 rsyncstash 20160614
657 files added


Sat Dec 24 00:28:01 CST 2016 rsyncstash 20160614
478 files added


Sun Dec 25 00:28:01 CST 2016 rsyncstash 20160614
624 files added


Mon Dec 26 00:28:02 CST 2016 rsyncstash 20160614
537 files added


Tue Dec 27 00:28:01 CST 2016 rsyncstash 20160614
859 files added


Wed Dec 28 00:28:01 CST 2016 rsyncstash 20160614
690 files added


Thu Dec 29 00:28:01 CST 2016 rsyncstash 20160614
685 files added


Fri Dec 30 00:28:01 CST 2016 rsyncstash 20160614
618 files added


Sat Dec 31 00:28:01 CST 2016 rsyncstash 20160614
1097 files added


Sun Jan  1 00:28:01 CST 2017 rsyncstash 20160614
684 files added


Mon Jan  2 00:28:01 CST 2017 rsyncstash 20160614
636 files added


Tue Jan  3 00:28:01 CST 2017 rsyncstash 20160614
1075 files added


Wed Jan  4 00:28:02 CST 2017 rsyncstash 20160614
970 files added


Thu Jan  5 00:28:01 CST 2017 rsyncstash 20160614
847 files added


Fri Jan  6 00:28:02 CST 2017 rsyncstash 20160614
501 files added


Sat Jan  7 00:28:01 CST 2017 rsyncstash 20160614
351 files added


Sun Jan  8 00:28:01 CST 2017 rsyncstash 20160614
322 files added


Mon Jan  9 00:28:01 CST 2017 rsyncstash 20160614
183 files added


Tue Jan 10 00:28:01 CST 2017 rsyncstash 20160614
124 files added


Wed Jan 11 00:28:01 CST 2017 rsyncstash 20160614
355 files added


Thu Jan 12 00:28:01 CST 2017 rsyncstash 20160614
134 files added


Fri Jan 13 00:28:01 CST 2017 rsyncstash 20160614
0 files added


Sat Jan 14 00:28:01 CST 2017 rsyncstash 20160614
23 files added


Sun Jan 15 00:28:01 CST 2017 rsyncstash 20160614
90 files added


Mon Jan 16 00:28:01 CST 2017 rsyncstash 20160614
59 files added


Tue Jan 17 00:28:01 CST 2017 rsyncstash 20160614
1419 files added


Wed Jan 18 00:28:01 CST 2017 rsyncstash 20160614
34 files added


Thu Jan 19 00:28:01 CST 2017 rsyncstash 20160614
0 files added


Fri Jan 20 00:28:01 CST 2017 rsyncstash 20160614
313 files added


Sat Jan 21 00:28:01 CST 2017 rsyncstash 20160614
1587 files added


Sun Jan 22 00:28:02 CST 2017 rsyncstash 20160614
306 files added


Mon Jan 23 00:28:02 CST 2017 rsyncstash 20160614
455 files added


Tue Jan 24 00:28:01 CST 2017 rsyncstash 20160614
287 files added


Wed Jan 25 00:28:01 CST 2017 rsyncstash 20160614
361 files added


Thu Jan 26 00:28:01 CST 2017 rsyncstash 20160614
171 files added


Fri Jan 27 00:28:01 CST 2017 rsyncstash 20160614
324 files added


Sat Jan 28 00:28:01 CST 2017 rsyncstash 20160614
362 files added


Sun Jan 29 00:28:01 CST 2017 rsyncstash 20160614
275 files added


Mon Jan 30 00:28:01 CST 2017 rsyncstash 20160614
322 files added


Tue Jan 31 00:28:01 CST 2017 rsyncstash 20160614
342 files added


Wed Feb  1 00:28:01 CST 2017 rsyncstash 20160614
312 files added


Thu Feb  2 00:28:01 CST 2017 rsyncstash 20160614
323 files added


Fri Feb  3 00:28:01 CST 2017 rsyncstash 20160614
305 files added


Sat Feb  4 00:28:01 CST 2017 rsyncstash 20160614
322 files added


Sun Feb  5 00:28:01 CST 2017 rsyncstash 20160614
337 files added


Mon Feb  6 00:28:01 CST 2017 rsyncstash 20160614
154 files added


Tue Feb  7 00:28:01 CST 2017 rsyncstash 20160614
196 files added


Wed Feb  8 00:28:01 CST 2017 rsyncstash 20160614
276 files added


Thu Feb  9 00:28:01 CST 2017 rsyncstash 20160614
294 files added


Fri Feb 10 00:28:01 CST 2017 rsyncstash 20160614
326 files added


Sat Feb 11 00:28:01 CST 2017 rsyncstash 20160614
357 files added


Sun Feb 12 00:28:01 CST 2017 rsyncstash 20160614
312 files added


Mon Feb 13 00:28:01 CST 2017 rsyncstash 20160614
327 files added


Tue Feb 14 00:28:01 CST 2017 rsyncstash 20160614
275 files added


Wed Feb 15 00:28:01 CST 2017 rsyncstash 20160614
354 files added


Thu Feb 16 00:28:01 CST 2017 rsyncstash 20160614
303 files added


Fri Feb 17 00:28:01 CST 2017 rsyncstash 20160614
172 files added


Sat Feb 18 00:28:01 CST 2017 rsyncstash 20160614
324 files added


Sun Feb 19 00:28:01 CST 2017 rsyncstash 20160614
302 files added


Mon Feb 20 00:28:01 CST 2017 rsyncstash 20160614
308 files added


Tue Feb 21 00:28:01 CST 2017 rsyncstash 20160614
300 files added


Wed Feb 22 00:28:01 CST 2017 rsyncstash 20160614
287 files added


Thu Feb 23 00:28:01 CST 2017 rsyncstash 20160614
260 files added


Fri Feb 24 00:28:01 CST 2017 rsyncstash 20160614
416 files added


Sat Feb 25 00:28:01 CST 2017 rsyncstash 20160614
293 files added


Sun Feb 26 00:28:01 CST 2017 rsyncstash 20160614
310 files added


Mon Feb 27 00:28:01 CST 2017 rsyncstash 20160614
299 files added


Tue Feb 28 00:28:01 CST 2017 rsyncstash 20160614
317 files added


Wed Mar  1 00:28:01 CST 2017 rsyncstash 20160614
296 files added


Thu Mar  2 00:28:01 CST 2017 rsyncstash 20160614
46 files added


Fri Mar  3 00:28:01 CST 2017 rsyncstash 20160614
129 files added


Sat Mar  4 00:28:01 CST 2017 rsyncstash 20160614
238 files added


Sun Mar  5 00:28:01 CST 2017 rsyncstash 20160614
210 files added


Mon Mar  6 00:28:01 CST 2017 rsyncstash 20160614
14 files added


Tue Mar  7 00:28:01 CST 2017 rsyncstash 20160614
0 files added


Wed Mar  8 00:28:01 CST 2017 rsyncstash 20160614
286 files added


Thu Mar  9 00:28:01 CST 2017 rsyncstash 20160614
194 files added


Fri Mar 10 00:28:01 CST 2017 rsyncstash 20160614
278 files added


Sat Mar 11 00:28:01 CST 2017 rsyncstash 20160614
324 files added


Sun Mar 12 00:28:01 CST 2017 rsyncstash 20160614
334 files added


Mon Mar 13 00:28:01 CDT 2017 rsyncstash 20160614
343 files added


Tue Mar 14 00:28:01 CDT 2017 rsyncstash 20160614
319 files added


Wed Mar 15 00:28:01 CDT 2017 rsyncstash 20160614
310 files added


Thu Mar 16 00:28:01 CDT 2017 rsyncstash 20160614
268 files added


Fri Mar 17 00:28:01 CDT 2017 rsyncstash 20160614
273 files added


Sat Mar 18 00:28:01 CDT 2017 rsyncstash 20160614
335 files added


Sun Mar 19 00:28:01 CDT 2017 rsyncstash 20160614
355 files added


Mon Mar 20 00:28:01 CDT 2017 rsyncstash 20160614
327 files added


Tue Mar 21 00:28:01 CDT 2017 rsyncstash 20160614
304 files added


Wed Mar 22 00:28:01 CDT 2017 rsyncstash 20160614
193 files added


Thu Mar 23 00:28:01 CDT 2017 rsyncstash 20160614
328 files added


Fri Mar 24 00:28:01 CDT 2017 rsyncstash 20160614
243 files added


Sat Mar 25 00:28:01 CDT 2017 rsyncstash 20160614
324 files added


Sun Mar 26 00:28:01 CDT 2017 rsyncstash 20160614
316 files added


Mon Mar 27 00:28:01 CDT 2017 rsyncstash 20160614
324 files added


Tue Mar 28 00:28:01 CDT 2017 rsyncstash 20160614
351 files added


Wed Mar 29 00:28:01 CDT 2017 rsyncstash 20160614
305 files added


Thu Mar 30 00:28:01 CDT 2017 rsyncstash 20160614
347 files added


Fri Mar 31 00:28:01 CDT 2017 rsyncstash 20160614
114 files added


Sat Apr  1 00:28:01 CDT 2017 rsyncstash 20160614
232 files added


Sun Apr  2 00:28:01 CDT 2017 rsyncstash 20160614
187 files added


Mon Apr  3 00:28:01 CDT 2017 rsyncstash 20160614
258 files added


Tue Apr  4 00:28:01 CDT 2017 rsyncstash 20160614
324 files added


Wed Apr  5 00:28:01 CDT 2017 rsyncstash 20160614
245 files added


Thu Apr  6 00:28:01 CDT 2017 rsyncstash 20160614
2 files added


Fri Apr  7 00:28:01 CDT 2017 rsyncstash 20160614
178 files added


Sat Apr  8 00:28:01 CDT 2017 rsyncstash 20160614
317 files added


Sun Apr  9 00:28:02 CDT 2017 rsyncstash 20160614
0 files added


Mon Apr 10 00:28:01 CDT 2017 rsyncstash 20160614
870 files added


Tue Apr 11 00:28:01 CDT 2017 rsyncstash 20160614
502 files added


Wed Apr 12 00:28:01 CDT 2017 rsyncstash 20160614
269 files added


Thu Apr 13 00:28:01 CDT 2017 rsyncstash 20160614
298 files added


Fri Apr 14 00:28:01 CDT 2017 rsyncstash 20160614
265 files added


Sat Apr 15 00:28:01 CDT 2017 rsyncstash 20160614
336 files added


Sun Apr 16 00:28:01 CDT 2017 rsyncstash 20160614
304 files added


Mon Apr 17 00:28:01 CDT 2017 rsyncstash 20160614
216 files added


Tue Apr 18 00:28:01 CDT 2017 rsyncstash 20160614
0 files added


Wed Apr 19 00:28:01 CDT 2017 rsyncstash 20160614
743 files added


Thu Apr 20 00:28:01 CDT 2017 rsyncstash 20160614
0 files added


Fri Apr 21 00:28:01 CDT 2017 rsyncstash 20160614
683 files added


Sat Apr 22 00:28:01 CDT 2017 rsyncstash 20160614
200 files added


Sun Apr 23 00:28:01 CDT 2017 rsyncstash 20160614
273 files added


Mon Apr 24 00:28:01 CDT 2017 rsyncstash 20160614
0 files added


Tue Apr 25 00:28:02 CDT 2017 rsyncstash 20160614
688 files added


Wed Apr 26 00:28:01 CDT 2017 rsyncstash 20160614
0 files added


Thu Apr 27 00:28:01 CDT 2017 rsyncstash 20160614
467 files added


Fri Apr 28 00:28:01 CDT 2017 rsyncstash 20160614
382 files added


Sat Apr 29 00:28:01 CDT 2017 rsyncstash 20160614
376 files added


Sun Apr 30 00:28:01 CDT 2017 rsyncstash 20160614
0 files added


Mon May  1 00:28:01 CDT 2017 rsyncstash 20160614
497 files added


Tue May  2 00:28:01 CDT 2017 rsyncstash 20160614
0 files added


Wed May  3 00:28:01 CDT 2017 rsyncstash 20160614
350 files added


Thu May  4 00:28:01 CDT 2017 rsyncstash 20160614
83 files added


Fri May  5 00:28:01 CDT 2017 rsyncstash 20160614
81 files added


Sat May  6 00:28:01 CDT 2017 rsyncstash 20160614
0 files added


Sun May  7 00:28:01 CDT 2017 rsyncstash 20160614
58 files added


Mon May  8 00:28:01 CDT 2017 rsyncstash 20160614
0 files added


Tue May  9 00:28:01 CDT 2017 rsyncstash 20160614
30 files added


Wed May 10 00:28:01 CDT 2017 rsyncstash 20160614
25 files added


Thu May 11 00:28:01 CDT 2017 rsyncstash 20160614
25 files added


Fri May 12 00:28:01 CDT 2017 rsyncstash 20160614
0 files added


Sat May 13 00:28:01 CDT 2017 rsyncstash 20160614
0 files added


Sun May 14 00:28:01 CDT 2017 rsyncstash 20160614
37 files added


Mon May 15 00:28:01 CDT 2017 rsyncstash 20160614
0 files added


Tue May 16 00:28:01 CDT 2017 rsyncstash 20160614
138 files added


Wed May 17 00:28:01 CDT 2017 rsyncstash 20160614
86 files added


Thu May 18 00:28:01 CDT 2017 rsyncstash 20160614
97 files added


Fri May 19 00:28:01 CDT 2017 rsyncstash 20160614
46 files added


Sat May 20 00:28:01 CDT 2017 rsyncstash 20160614
13 files added


Sun May 21 00:28:01 CDT 2017 rsyncstash 20160614
0 files added


Mon May 22 00:28:01 CDT 2017 rsyncstash 20160614
0 files added


Tue May 23 00:28:01 CDT 2017 rsyncstash 20160614
0 files added


Wed May 24 00:28:01 CDT 2017 rsyncstash 20160614
144 files added


Thu May 25 00:28:01 CDT 2017 rsyncstash 20160614
237 files added


Fri May 26 00:28:01 CDT 2017 rsyncstash 20160614
0 files added


Sat May 27 00:28:01 CDT 2017 rsyncstash 20160614
66 files added


Sun May 28 00:28:01 CDT 2017 rsyncstash 20160614
0 files added


Mon May 29 00:28:02 CDT 2017 rsyncstash 20160614
0 files added


Tue May 30 00:28:01 CDT 2017 rsyncstash 20160614
0 files added


Wed May 31 00:28:01 CDT 2017 rsyncstash 20160614
0 files added


Thu Jun  1 00:28:01 CDT 2017 rsyncstash 20160614
0 files added


Fri Jun  2 00:28:01 CDT 2017 rsyncstash 20160614
0 files added


Sat Jun  3 00:28:01 CDT 2017 rsyncstash 20160614
0 files added


Sun Jun  4 00:28:01 CDT 2017 rsyncstash 20160614
0 files added


Mon Jun  5 00:28:01 CDT 2017 rsyncstash 20160614
0 files added


Tue Jun  6 00:28:01 CDT 2017 rsyncstash 20160614
0 files added


Wed Jun  7 00:28:01 CDT 2017 rsyncstash 20160614
0 files added


Thu Jun  8 00:28:01 CDT 2017 rsyncstash 20160614
0 files added


Fri Jun  9 00:28:01 CDT 2017 rsyncstash 20160614
0 files added


Sat Jun 10 00:28:01 CDT 2017 rsyncstash 20160614
0 files added


Sun Jun 11 00:28:01 CDT 2017 rsyncstash 20160614
0 files added


Mon Jun 12 00:28:01 CDT 2017 rsyncstash 20160614
0 files added


Tue Jun 13 00:28:01 CDT 2017 rsyncstash 20160614
0 files added


Wed Jun 14 00:28:01 CDT 2017 rsyncstash 20160614
0 files added


Thu Jun 15 00:28:01 CDT 2017 rsyncstash 20160614
0 files added


Fri Jun 16 00:28:02 CDT 2017 rsyncstash 20160614
0 files added


Sat Jun 17 00:28:01 CDT 2017 rsyncstash 20160614
0 files added


Sun Jun 18 00:28:01 CDT 2017 rsyncstash 20160614
0 files added


Mon Jun 19 00:28:01 CDT 2017 rsyncstash 20160614
0 files added


Tue Jun 20 00:28:01 CDT 2017 rsyncstash 20160614
0 files added


Wed Jun 21 00:28:01 CDT 2017 rsyncstash 20160614
0 files added


Thu Jun 22 00:28:01 CDT 2017 rsyncstash 20160614
0 files added


Fri Jun 23 00:28:01 CDT 2017 rsyncstash 20160614
0 files added


Sat Jun 24 00:28:01 CDT 2017 rsyncstash 20160614
52 files added


Sun Jun 25 00:28:01 CDT 2017 rsyncstash 20160614
89 files added


Mon Jun 26 00:28:01 CDT 2017 rsyncstash 20160614
0 files added


Tue Jun 27 00:28:01 CDT 2017 rsyncstash 20160614
0 files added


Wed Jun 28 00:28:01 CDT 2017 rsyncstash 20160614
77 files added


Thu Jun 29 00:28:01 CDT 2017 rsyncstash 20160614
280 files added


Fri Jun 30 00:28:01 CDT 2017 rsyncstash 20160614
89 files added


Sat Jul  1 00:28:01 CDT 2017 rsyncstash 20160614
0 files added


Sun Jul  2 00:28:01 CDT 2017 rsyncstash 20160614
88 files added


Mon Jul  3 00:28:01 CDT 2017 rsyncstash 20160614
182 files added


Tue Jul  4 00:28:01 CDT 2017 rsyncstash 20160614
0 files added


Wed Jul  5 00:28:01 CDT 2017 rsyncstash 20160614
178 files added


Thu Jul  6 00:28:01 CDT 2017 rsyncstash 20160614
90 files added


Fri Jul  7 00:28:01 CDT 2017 rsyncstash 20160614
0 files added


Sat Jul  8 00:28:02 CDT 2017 rsyncstash 20160614
198 files added


Sun Jul  9 00:28:01 CDT 2017 rsyncstash 20160614
46 files added


Mon Jul 10 00:28:01 CDT 2017 rsyncstash 20160614
0 files added


Tue Jul 11 00:28:01 CDT 2017 rsyncstash 20160614
0 files added


Wed Jul 12 00:28:02 CDT 2017 rsyncstash 20160614
0 files added


Thu Jul 13 00:28:01 CDT 2017 rsyncstash 20160614
0 files added


Fri Jul 14 00:28:01 CDT 2017 rsyncstash 20160614
0 files added


Sat Jul 15 00:28:01 CDT 2017 rsyncstash 20160614
3 files added


Sun Jul 16 00:28:01 CDT 2017 rsyncstash 20160614
0 files added


Mon Jul 17 00:28:02 CDT 2017 rsyncstash 20160614
0 files added


Tue Jul 18 00:28:01 CDT 2017 rsyncstash 20160614
483 files added


Wed Jul 19 00:28:01 CDT 2017 rsyncstash 20160614
39 files added


Thu Jul 20 00:28:01 CDT 2017 rsyncstash 20160614
92 files added


Fri Jul 21 00:28:01 CDT 2017 rsyncstash 20160614
172 files added


Sat Jul 22 00:28:01 CDT 2017 rsyncstash 20160614
88 files added


Sun Jul 23 00:28:01 CDT 2017 rsyncstash 20160614
0 files added


Mon Jul 24 00:28:01 CDT 2017 rsyncstash 20160614
172 files added


Tue Jul 25 00:28:01 CDT 2017 rsyncstash 20160614
27 files added


Wed Jul 26 00:28:01 CDT 2017 rsyncstash 20160614
192 files added


Thu Jul 27 00:28:02 CDT 2017 rsyncstash 20160614
25 files added


Fri Jul 28 00:28:01 CDT 2017 rsyncstash 20160614
87 files added


Sat Jul 29 00:28:01 CDT 2017 rsyncstash 20160614
92 files added


Sun Jul 30 00:28:01 CDT 2017 rsyncstash 20160614
177 files added


Mon Jul 31 00:28:01 CDT 2017 rsyncstash 20160614
0 files added


Tue Aug  1 00:28:01 CDT 2017 rsyncstash 20160614
91 files added


Wed Aug  2 00:28:01 CDT 2017 rsyncstash 20160614
121 files added


Thu Aug  3 00:28:01 CDT 2017 rsyncstash 20160614
180 files added


Fri Aug  4 00:28:02 CDT 2017 rsyncstash 20160614
26 files added


Sat Aug  5 00:28:01 CDT 2017 rsyncstash 20160614
441 files added


Sun Aug  6 00:28:01 CDT 2017 rsyncstash 20160614
211 files added


Mon Aug  7 00:28:01 CDT 2017 rsyncstash 20160614
0 files added


Tue Aug  8 00:28:01 CDT 2017 rsyncstash 20160614
126 files added


Wed Aug  9 00:28:01 CDT 2017 rsyncstash 20160614
116 files added


Thu Aug 10 00:28:01 CDT 2017 rsyncstash 20160614
188 files added


Fri Aug 11 00:28:01 CDT 2017 rsyncstash 20160614
558 files added


Sat Aug 12 00:28:02 CDT 2017 rsyncstash 20160614
692 files added


Sun Aug 13 00:28:01 CDT 2017 rsyncstash 20160614
242 files added


Mon Aug 14 00:28:01 CDT 2017 rsyncstash 20160614
618 files added


Tue Aug 15 00:28:01 CDT 2017 rsyncstash 20160614
636 files added


Tue Aug 15 10:56:11 CDT 2017 rsyncstash 20160614
588 files added


Wed Aug 16 00:28:01 CDT 2017 rsyncstash 20160614
0 files added


Thu Aug 17 00:28:01 CDT 2017 rsyncstash 20160614
660 files added


Fri Aug 18 00:28:01 CDT 2017 rsyncstash 20160614
600 files added


Sat Aug 19 00:28:01 CDT 2017 rsyncstash 20160614
624 files added


Sun Aug 20 00:28:01 CDT 2017 rsyncstash 20160614
627 files added


Mon Aug 21 00:28:01 CDT 2017 rsyncstash 20160614
627 files added


Tue Aug 22 00:28:01 CDT 2017 rsyncstash 20160614
584 files added


Wed Aug 23 00:28:01 CDT 2017 rsyncstash 20160614
640 files added


Thu Aug 24 00:28:01 CDT 2017 rsyncstash 20160614
594 files added


Fri Aug 25 00:28:01 CDT 2017 rsyncstash 20160614
642 files added


Sat Aug 26 00:28:01 CDT 2017 rsyncstash 20160614
608 files added


Sun Aug 27 00:28:02 CDT 2017 rsyncstash 20160614
639 files added


Mon Aug 28 00:28:01 CDT 2017 rsyncstash 20160614
0 files added


Tue Aug 29 00:28:01 CDT 2017 rsyncstash 20160614
0 files added


Wed Aug 30 00:28:01 CDT 2017 rsyncstash 20160614
509 files added


Thu Aug 31 00:28:01 CDT 2017 rsyncstash 20160614
0 files added


Sat Sep  2 00:28:01 CDT 2017 rsyncstash 20160614
492 files added


Sun Sep  3 00:28:01 CDT 2017 rsyncstash 20160614
274 files added


Mon Sep  4 00:28:01 CDT 2017 rsyncstash 20160614
224 files added


Tue Sep  5 00:28:01 CDT 2017 rsyncstash 20160614
0 files added


Wed Sep  6 00:28:01 CDT 2017 rsyncstash 20160614
7 files added


Thu Sep  7 00:28:01 CDT 2017 rsyncstash 20160614
47 files added


Fri Sep  8 00:28:01 CDT 2017 rsyncstash 20160614
0 files added


Sat Sep  9 00:28:01 CDT 2017 rsyncstash 20160614
55 files added


Sun Sep 10 00:28:01 CDT 2017 rsyncstash 20160614
29 files added


Mon Sep 11 00:28:01 CDT 2017 rsyncstash 20160614
34 files added


Tue Sep 12 00:28:01 CDT 2017 rsyncstash 20160614
0 files added


Wed Sep 13 00:28:02 CDT 2017 rsyncstash 20160614
16 files added


Fri Sep 15 00:28:01 CDT 2017 rsyncstash 20160614
48 files added


Sat Sep 16 00:28:01 CDT 2017 rsyncstash 20160614
0 files added


Sun Sep 17 00:28:01 CDT 2017 rsyncstash 20160614
48 files added


Mon Sep 18 00:28:01 CDT 2017 rsyncstash 20160614
0 files added


Tue Sep 19 00:28:01 CDT 2017 rsyncstash 20160614
6 files added


Tue Sep 26 00:28:01 CDT 2017 rsyncstash 20160614
154 files added


Wed Sep 27 00:28:01 CDT 2017 rsyncstash 20160614
0 files added


Thu Sep 28 00:28:01 CDT 2017 rsyncstash 20160614
60 files added


Fri Sep 29 00:28:01 CDT 2017 rsyncstash 20160614
36 files added


Sat Sep 30 00:28:01 CDT 2017 rsyncstash 20160614
26 files added


Sun Oct  1 00:28:02 CDT 2017 rsyncstash 20160614
70 files added


Mon Oct  2 00:28:01 CDT 2017 rsyncstash 20160614
566 files added


Tue Oct  3 00:28:01 CDT 2017 rsyncstash 20160614
602 files added


Wed Oct  4 00:28:01 CDT 2017 rsyncstash 20160614
602 files added


Thu Oct  5 00:28:01 CDT 2017 rsyncstash 20160614
924 files added


Fri Oct  6 00:28:01 CDT 2017 rsyncstash 20160614
0 files added


Sat Oct  7 00:28:01 CDT 2017 rsyncstash 20160614
158 files added


Sun Oct  8 00:28:01 CDT 2017 rsyncstash 20160614
170 files added


Mon Oct  9 00:28:01 CDT 2017 rsyncstash 20160614
161 files added


Tue Oct 10 00:28:01 CDT 2017 rsyncstash 20160614
83 files added


Wed Oct 11 00:28:02 CDT 2017 rsyncstash 20160614
0 files added


Thu Oct 12 00:28:01 CDT 2017 rsyncstash 20160614
0 files added


Fri Oct 13 00:28:01 CDT 2017 rsyncstash 20160614
0 files added


Sat Oct 14 00:28:01 CDT 2017 rsyncstash 20160614
0 files added


Sun Oct 15 00:28:01 CDT 2017 rsyncstash 20160614
0 files added


Mon Oct 16 00:28:01 CDT 2017 rsyncstash 20160614
0 files added


Tue Oct 17 00:28:01 CDT 2017 rsyncstash 20160614
0 files added


Wed Oct 18 00:28:01 CDT 2017 rsyncstash 20160614
0 files added


Thu Oct 19 00:28:01 CDT 2017 rsyncstash 20160614
0 files added


Fri Oct 20 00:28:01 CDT 2017 rsyncstash 20160614
0 files added


Sat Oct 21 00:28:01 CDT 2017 rsyncstash 20160614
0 files added


Sun Oct 22 00:28:01 CDT 2017 rsyncstash 20160614
1 files added


Mon Oct 23 00:28:01 CDT 2017 rsyncstash 20160614
329 files added


Tue Oct 24 00:28:01 CDT 2017 rsyncstash 20160614
3077 files added


Wed Oct 25 00:28:01 CDT 2017 rsyncstash 20160614
1 files added


Thu Oct 26 00:28:01 CDT 2017 rsyncstash 20160614
0 files added


Fri Oct 27 00:28:01 CDT 2017 rsyncstash 20160614
0 files added


Sat Oct 28 00:28:01 CDT 2017 rsyncstash 20160614
0 files added


Sun Oct 29 00:28:01 CDT 2017 rsyncstash 20160614
0 files added


Mon Oct 30 00:28:01 CDT 2017 rsyncstash 20160614
0 files added


Tue Oct 31 00:28:01 CDT 2017 rsyncstash 20160614
0 files added


Wed Nov  1 00:28:01 CDT 2017 rsyncstash 20160614
0 files added


Thu Nov  2 00:28:01 CDT 2017 rsyncstash 20160614
0 files added


Fri Nov  3 00:28:01 CDT 2017 rsyncstash 20160614
0 files added


Sat Nov  4 00:28:01 CDT 2017 rsyncstash 20160614
0 files added


Sun Nov  5 00:28:01 CDT 2017 rsyncstash 20160614
0 files added


Mon Nov  6 00:28:01 CST 2017 rsyncstash 20160614
0 files added


Tue Nov  7 00:28:01 CST 2017 rsyncstash 20160614
0 files added


Wed Nov  8 00:28:01 CST 2017 rsyncstash 20160614
0 files added


Thu Nov  9 00:28:01 CST 2017 rsyncstash 20160614
0 files added


Fri Nov 10 00:28:01 CST 2017 rsyncstash 20160614
0 files added


Sat Nov 11 00:28:01 CST 2017 rsyncstash 20160614
0 files added


Sun Nov 12 00:28:01 CST 2017 rsyncstash 20160614
0 files added


Mon Nov 13 00:28:02 CST 2017 rsyncstash 20160614
0 files added


Tue Nov 14 00:28:01 CST 2017 rsyncstash 20160614
0 files added


Wed Nov 15 00:28:01 CST 2017 rsyncstash 20160614
0 files added


Thu Nov 16 00:28:01 CST 2017 rsyncstash 20160614
0 files added


Fri Nov 17 00:28:02 CST 2017 rsyncstash 20160614
0 files added


Sat Nov 18 00:28:01 CST 2017 rsyncstash 20160614
0 files added


Sun Nov 19 00:28:01 CST 2017 rsyncstash 20160614
0 files added


Mon Nov 20 00:28:01 CST 2017 rsyncstash 20160614
0 files added


Tue Nov 21 00:28:01 CST 2017 rsyncstash 20160614
0 files added


Wed Nov 22 00:28:01 CST 2017 rsyncstash 20160614
0 files added


Thu Nov 23 00:28:01 CST 2017 rsyncstash 20160614
0 files added


Fri Nov 24 00:28:01 CST 2017 rsyncstash 20160614
0 files added


Sat Nov 25 00:28:01 CST 2017 rsyncstash 20160614
0 files added


Sun Nov 26 00:28:01 CST 2017 rsyncstash 20160614
0 files added


Mon Nov 27 00:28:01 CST 2017 rsyncstash 20160614
0 files added


Tue Nov 28 00:28:01 CST 2017 rsyncstash 20160614
0 files added


Wed Nov 29 00:28:01 CST 2017 rsyncstash 20160614
0 files added


Thu Nov 30 00:28:01 CST 2017 rsyncstash 20160614
0 files added


Fri Dec  1 00:28:01 CST 2017 rsyncstash 20160614
0 files added


Sat Dec  2 00:28:01 CST 2017 rsyncstash 20160614
0 files added


Sun Dec  3 00:28:01 CST 2017 rsyncstash 20160614
0 files added


Mon Dec  4 00:28:01 CST 2017 rsyncstash 20160614
0 files added


Tue Dec  5 00:28:01 CST 2017 rsyncstash 20160614
0 files added


Wed Dec  6 00:28:01 CST 2017 rsyncstash 20160614
0 files added


Thu Dec  7 00:28:01 CST 2017 rsyncstash 20160614
0 files added


Fri Dec  8 00:28:01 CST 2017 rsyncstash 20160614
0 files added


Sat Dec  9 00:28:01 CST 2017 rsyncstash 20160614
0 files added


Sun Dec 10 00:28:01 CST 2017 rsyncstash 20160614
0 files added


Mon Dec 11 00:28:01 CST 2017 rsyncstash 20160614
0 files added


Tue Dec 12 00:28:01 CST 2017 rsyncstash 20160614
0 files added


Wed Dec 13 00:28:01 CST 2017 rsyncstash 20160614
0 files added


Thu Dec 14 00:28:01 CST 2017 rsyncstash 20160614
0 files added


Fri Dec 15 00:28:02 CST 2017 rsyncstash 20160614
0 files added


Sat Dec 16 00:28:01 CST 2017 rsyncstash 20160614
0 files added


Sun Dec 17 00:28:01 CST 2017 rsyncstash 20160614
0 files added


Mon Dec 18 00:28:01 CST 2017 rsyncstash 20160614
0 files added


Tue Dec 19 00:28:01 CST 2017 rsyncstash 20160614
0 files added


Wed Dec 20 00:28:01 CST 2017 rsyncstash 20160614
0 files added


Thu Dec 21 00:28:01 CST 2017 rsyncstash 20160614
0 files added


Fri Dec 22 00:28:01 CST 2017 rsyncstash 20160614
0 files added


Sat Dec 23 00:28:01 CST 2017 rsyncstash 20160614
0 files added


Sun Dec 24 00:28:01 CST 2017 rsyncstash 20160614
0 files added


Mon Dec 25 00:28:01 CST 2017 rsyncstash 20160614
0 files added


Tue Dec 26 00:28:01 CST 2017 rsyncstash 20160614
0 files added


Wed Dec 27 00:28:01 CST 2017 rsyncstash 20160614
0 files added


Thu Dec 28 00:28:01 CST 2017 rsyncstash 20160614
0 files added


Fri Dec 29 00:28:01 CST 2017 rsyncstash 20160614
0 files added


Sat Dec 30 00:28:01 CST 2017 rsyncstash 20160614
0 files added


Sun Dec 31 00:28:01 CST 2017 rsyncstash 20160614
0 files added


Mon Jan  1 00:28:01 CST 2018 rsyncstash 20160614
0 files added


Tue Jan  2 00:28:01 CST 2018 rsyncstash 20160614
0 files added


Wed Jan  3 00:28:01 CST 2018 rsyncstash 20160614
0 files added


Thu Jan  4 00:28:01 CST 2018 rsyncstash 20160614
0 files added


Fri Jan  5 00:28:01 CST 2018 rsyncstash 20160614
0 files added


Sat Jan  6 00:28:01 CST 2018 rsyncstash 20160614
0 files added


Sun Jan  7 00:28:01 CST 2018 rsyncstash 20160614
0 files added


Mon Jan  8 00:28:01 CST 2018 rsyncstash 20160614
0 files added


Tue Jan  9 00:28:01 CST 2018 rsyncstash 20160614
0 files added


Wed Jan 10 00:28:01 CST 2018 rsyncstash 20160614
0 files added


Thu Jan 11 00:28:01 CST 2018 rsyncstash 20160614
0 files added


Fri Jan 12 00:28:01 CST 2018 rsyncstash 20160614
0 files added


Sat Jan 13 00:28:01 CST 2018 rsyncstash 20160614
0 files added


Sun Jan 14 00:28:01 CST 2018 rsyncstash 20160614
0 files added


Mon Jan 15 00:28:01 CST 2018 rsyncstash 20160614
0 files added


Tue Jan 16 00:28:01 CST 2018 rsyncstash 20160614
0 files added


Wed Jan 17 00:28:02 CST 2018 rsyncstash 20160614
0 files added


Thu Jan 18 00:28:01 CST 2018 rsyncstash 20160614
0 files added


Fri Jan 19 00:28:01 CST 2018 rsyncstash 20160614
0 files added


Sat Jan 20 00:28:01 CST 2018 rsyncstash 20160614
0 files added


Sun Jan 21 00:28:01 CST 2018 rsyncstash 20160614
0 files added


Mon Jan 22 00:28:01 CST 2018 rsyncstash 20160614
0 files added


Tue Jan 23 00:28:01 CST 2018 rsyncstash 20160614
0 files added


Wed Jan 24 00:28:01 CST 2018 rsyncstash 20160614
0 files added


Thu Jan 25 00:28:01 CST 2018 rsyncstash 20160614
0 files added


Fri Jan 26 00:28:01 CST 2018 rsyncstash 20160614
0 files added


Sat Jan 27 00:28:01 CST 2018 rsyncstash 20160614
0 files added


Sun Jan 28 00:28:01 CST 2018 rsyncstash 20160614
0 files added


Mon Jan 29 00:28:01 CST 2018 rsyncstash 20160614
0 files added


Tue Jan 30 00:28:01 CST 2018 rsyncstash 20160614
0 files added


Wed Jan 31 00:28:01 CST 2018 rsyncstash 20160614
0 files added


Thu Feb  1 00:28:01 CST 2018 rsyncstash 20160614
0 files added


Fri Feb  2 00:28:01 CST 2018 rsyncstash 20160614
0 files added


Sat Feb  3 00:28:01 CST 2018 rsyncstash 20160614
0 files added


Sun Feb  4 00:28:01 CST 2018 rsyncstash 20160614
0 files added


Mon Feb  5 00:28:01 CST 2018 rsyncstash 20160614
0 files added


Tue Feb  6 00:28:01 CST 2018 rsyncstash 20160614
0 files added


Wed Feb  7 00:28:01 CST 2018 rsyncstash 20160614
0 files added


Thu Feb  8 00:28:01 CST 2018 rsyncstash 20160614
0 files added


Fri Feb  9 00:28:01 CST 2018 rsyncstash 20160614
0 files added


Sat Feb 10 00:28:01 CST 2018 rsyncstash 20160614
0 files added


Sun Feb 11 00:28:01 CST 2018 rsyncstash 20160614
0 files added


Mon Feb 12 00:28:01 CST 2018 rsyncstash 20160614
0 files added


Tue Feb 13 00:28:01 CST 2018 rsyncstash 20160614
0 files added


Wed Feb 14 00:28:01 CST 2018 rsyncstash 20160614
0 files added


Thu Feb 15 00:28:02 CST 2018 rsyncstash 20160614
0 files added


Fri Feb 16 00:28:01 CST 2018 rsyncstash 20160614
0 files added


Sat Feb 17 00:28:02 CST 2018 rsyncstash 20160614
0 files added


Sun Feb 18 00:28:01 CST 2018 rsyncstash 20160614
0 files added


Mon Feb 19 00:28:01 CST 2018 rsyncstash 20160614
0 files added


Tue Feb 20 00:28:01 CST 2018 rsyncstash 20160614
0 files added


Wed Feb 21 00:28:01 CST 2018 rsyncstash 20160614
0 files added


Thu Feb 22 00:28:01 CST 2018 rsyncstash 20160614
0 files added


Fri Feb 23 00:28:01 CST 2018 rsyncstash 20160614
0 files added


Sat Feb 24 00:28:01 CST 2018 rsyncstash 20160614
0 files added


Sun Feb 25 00:28:01 CST 2018 rsyncstash 20160614
0 files added


Mon Feb 26 00:28:01 CST 2018 rsyncstash 20160614
0 files added


Tue Feb 27 00:28:01 CST 2018 rsyncstash 20160614
0 files added


Wed Feb 28 00:28:01 CST 2018 rsyncstash 20160614
0 files added


Thu Mar  1 00:28:01 CST 2018 rsyncstash 20160614
0 files added


Fri Mar  2 00:28:01 CST 2018 rsyncstash 20160614
0 files added


Sat Mar  3 00:28:01 CST 2018 rsyncstash 20160614
0 files added


Sun Mar  4 00:28:01 CST 2018 rsyncstash 20160614
0 files added


Mon Mar  5 00:28:01 CST 2018 rsyncstash 20160614
0 files added


Tue Mar  6 00:28:01 CST 2018 rsyncstash 20160614
0 files added


Wed Mar  7 00:28:01 CST 2018 rsyncstash 20160614
0 files added


Thu Mar  8 00:28:01 CST 2018 rsyncstash 20160614
0 files added


Fri Mar  9 00:28:01 CST 2018 rsyncstash 20160614
0 files added


Sat Mar 10 00:28:01 CST 2018 rsyncstash 20160614
0 files added


Sun Mar 11 00:28:01 CST 2018 rsyncstash 20160614
0 files added


Mon Mar 12 00:28:01 CDT 2018 rsyncstash 20160614
0 files added


Tue Mar 13 00:28:01 CDT 2018 rsyncstash 20160614
0 files added


Wed Mar 14 00:28:01 CDT 2018 rsyncstash 20160614
0 files added


Thu Mar 15 00:28:01 CDT 2018 rsyncstash 20160614
0 files added


Fri Mar 16 00:28:01 CDT 2018 rsyncstash 20160614
0 files added


Sat Mar 17 00:28:01 CDT 2018 rsyncstash 20160614
0 files added


Sun Mar 18 00:28:01 CDT 2018 rsyncstash 20160614
0 files added


Mon Mar 19 00:28:01 CDT 2018 rsyncstash 20160614
0 files added


Tue Mar 20 00:28:01 CDT 2018 rsyncstash 20160614
0 files added


Wed Mar 21 00:28:01 CDT 2018 rsyncstash 20160614
0 files added


Thu Mar 22 00:28:01 CDT 2018 rsyncstash 20160614
0 files added


Fri Mar 23 00:28:01 CDT 2018 rsyncstash 20160614
0 files added


Sat Mar 24 00:28:01 CDT 2018 rsyncstash 20160614
0 files added


Sun Mar 25 00:28:01 CDT 2018 rsyncstash 20160614
0 files added


Mon Mar 26 00:28:01 CDT 2018 rsyncstash 20160614
0 files added


Tue Mar 27 00:28:01 CDT 2018 rsyncstash 20160614
0 files added


Wed Mar 28 00:28:01 CDT 2018 rsyncstash 20160614
0 files added


Thu Mar 29 00:28:01 CDT 2018 rsyncstash 20160614
0 files added


Fri Mar 30 00:28:01 CDT 2018 rsyncstash 20160614
0 files added


Sat Mar 31 00:28:01 CDT 2018 rsyncstash 20160614
0 files added


Sun Apr  1 00:28:01 CDT 2018 rsyncstash 20160614
0 files added


Mon Apr  2 00:28:01 CDT 2018 rsyncstash 20160614
0 files added


Tue Apr  3 00:28:01 CDT 2018 rsyncstash 20160614
0 files added


Wed Apr  4 00:28:01 CDT 2018 rsyncstash 20160614
0 files added


Thu Apr  5 00:28:01 CDT 2018 rsyncstash 20160614
0 files added


Fri Apr  6 00:28:01 CDT 2018 rsyncstash 20160614
0 files added


Sat Apr  7 00:28:01 CDT 2018 rsyncstash 20160614
0 files added


Sun Apr  8 00:28:01 CDT 2018 rsyncstash 20160614
0 files added


Mon Apr  9 00:28:01 CDT 2018 rsyncstash 20160614
0 files added


Tue Apr 10 00:28:01 CDT 2018 rsyncstash 20160614
0 files added


Wed Apr 11 00:28:01 CDT 2018 rsyncstash 20160614
0 files added


Thu Apr 12 00:28:01 CDT 2018 rsyncstash 20160614
0 files added


Fri Apr 13 00:28:01 CDT 2018 rsyncstash 20160614
0 files added


Sat Apr 14 00:28:01 CDT 2018 rsyncstash 20160614
0 files added


Sun Apr 15 00:28:01 CDT 2018 rsyncstash 20160614
0 files added


Mon Apr 16 00:28:01 CDT 2018 rsyncstash 20160614
0 files added


Tue Apr 17 00:28:01 CDT 2018 rsyncstash 20160614
0 files added


Wed Apr 18 00:28:01 CDT 2018 rsyncstash 20160614
0 files added


Thu Apr 19 00:28:01 CDT 2018 rsyncstash 20160614
0 files added


Fri Apr 20 00:28:01 CDT 2018 rsyncstash 20160614
0 files added


Sat Apr 21 00:28:01 CDT 2018 rsyncstash 20160614
0 files added


Sun Apr 22 00:28:01 CDT 2018 rsyncstash 20160614
0 files added


Mon Apr 23 00:28:01 CDT 2018 rsyncstash 20160614
0 files added


Tue Apr 24 00:28:01 CDT 2018 rsyncstash 20160614
0 files added


Wed Apr 25 00:28:02 CDT 2018 rsyncstash 20160614
0 files added


Thu Apr 26 00:28:01 CDT 2018 rsyncstash 20160614
0 files added


Fri Apr 27 00:28:01 CDT 2018 rsyncstash 20160614
0 files added


Sat Apr 28 00:28:01 CDT 2018 rsyncstash 20160614
0 files added


Sun Apr 29 00:28:01 CDT 2018 rsyncstash 20160614
0 files added


Mon Apr 30 00:28:01 CDT 2018 rsyncstash 20160614
0 files added


Tue May  1 00:28:01 CDT 2018 rsyncstash 20160614
0 files added


Wed May  2 00:28:01 CDT 2018 rsyncstash 20160614
0 files added


Thu May  3 00:28:01 CDT 2018 rsyncstash 20160614
0 files added


Fri May  4 00:28:01 CDT 2018 rsyncstash 20160614
0 files added


Sat May  5 00:28:01 CDT 2018 rsyncstash 20160614
0 files added


Sun May  6 00:28:02 CDT 2018 rsyncstash 20160614
0 files added


Mon May  7 00:28:01 CDT 2018 rsyncstash 20160614
0 files added


Tue May  8 00:28:01 CDT 2018 rsyncstash 20160614
0 files added


Wed May  9 00:28:01 CDT 2018 rsyncstash 20160614
0 files added


Thu May 10 00:28:01 CDT 2018 rsyncstash 20160614
0 files added


Fri May 11 00:28:01 CDT 2018 rsyncstash 20160614
0 files added


Sat May 12 00:28:01 CDT 2018 rsyncstash 20160614
0 files added


Sun May 13 00:28:01 CDT 2018 rsyncstash 20160614
0 files added


Mon May 14 00:28:01 CDT 2018 rsyncstash 20160614
0 files added


Tue May 15 00:28:01 CDT 2018 rsyncstash 20160614
0 files added


Wed May 16 00:28:01 CDT 2018 rsyncstash 20160614
0 files added


Thu May 17 00:28:01 CDT 2018 rsyncstash 20160614
0 files added


Fri May 18 00:28:01 CDT 2018 rsyncstash 20160614
0 files added


Sat May 19 00:28:01 CDT 2018 rsyncstash 20160614
0 files added


Sun May 20 00:28:01 CDT 2018 rsyncstash 20160614
0 files added


Mon May 21 00:28:01 CDT 2018 rsyncstash 20160614
0 files added


Tue May 22 00:28:01 CDT 2018 rsyncstash 20160614
0 files added


Wed May 23 00:28:01 CDT 2018 rsyncstash 20160614
0 files added


Thu May 24 00:28:01 CDT 2018 rsyncstash 20160614
0 files added


Fri May 25 00:28:01 CDT 2018 rsyncstash 20160614
0 files added


Sat May 26 00:28:01 CDT 2018 rsyncstash 20160614
0 files added


Sun May 27 00:28:01 CDT 2018 rsyncstash 20160614
0 files added


Mon May 28 00:28:01 CDT 2018 rsyncstash 20160614
0 files added


Tue May 29 00:28:01 CDT 2018 rsyncstash 20160614
0 files added


Wed May 30 00:28:02 CDT 2018 rsyncstash 20160614
0 files added


Thu May 31 00:28:01 CDT 2018 rsyncstash 20160614
0 files added


Fri Jun  1 00:28:01 CDT 2018 rsyncstash 20160614
0 files added


Sat Jun  2 00:28:01 CDT 2018 rsyncstash 20160614
0 files added


Sun Jun  3 00:28:01 CDT 2018 rsyncstash 20160614
0 files added


Mon Jun  4 00:28:01 CDT 2018 rsyncstash 20160614
0 files added


Tue Jun  5 00:28:01 CDT 2018 rsyncstash 20160614
0 files added


Wed Jun  6 00:28:01 CDT 2018 rsyncstash 20160614
0 files added


Thu Jun  7 00:28:01 CDT 2018 rsyncstash 20160614
0 files added


Fri Jun  8 00:28:01 CDT 2018 rsyncstash 20160614
0 files added


Sat Jun  9 00:28:01 CDT 2018 rsyncstash 20160614
0 files added


Sun Jun 10 00:28:02 CDT 2018 rsyncstash 20160614
0 files added


Mon Jun 11 00:28:01 CDT 2018 rsyncstash 20160614
4 files added


Tue Jun 12 00:28:01 CDT 2018 rsyncstash 20160614
8 files added


Wed Jun 13 00:28:01 CDT 2018 rsyncstash 20160614
46 files added


Thu Jun 14 00:28:01 CDT 2018 rsyncstash 20160614
74 files added


Fri Jun 15 00:28:01 CDT 2018 rsyncstash 20160614
17 files added


Sat Jun 16 00:28:01 CDT 2018 rsyncstash 20160614
65 files added


Sun Jun 17 00:28:01 CDT 2018 rsyncstash 20160614
138 files added


Mon Jun 18 00:28:01 CDT 2018 rsyncstash 20160614
556 files added


Tue Jun 19 00:28:01 CDT 2018 rsyncstash 20160614
572 files added


Wed Jun 20 00:28:01 CDT 2018 rsyncstash 20160614
634 files added


Thu Jun 21 00:28:01 CDT 2018 rsyncstash 20160614
535 files added


Fri Jun 22 00:28:01 CDT 2018 rsyncstash 20160614
454 files added


Sat Jun 23 00:28:01 CDT 2018 rsyncstash 20160614
328 files added


Sun Jun 24 00:28:01 CDT 2018 rsyncstash 20160614
545 files added


Mon Jun 25 00:28:02 CDT 2018 rsyncstash 20160614
506 files added


Tue Jun 26 00:28:01 CDT 2018 rsyncstash 20160614
592 files added


Wed Jun 27 00:28:02 CDT 2018 rsyncstash 20160614
525 files added


Thu Jun 28 00:28:01 CDT 2018 rsyncstash 20160614
568 files added


Fri Jun 29 00:28:01 CDT 2018 rsyncstash 20160614
519 files added


Sat Jun 30 00:28:01 CDT 2018 rsyncstash 20160614
576 files added


Sun Jul  1 00:28:01 CDT 2018 rsyncstash 20160614
505 files added


Mon Jul  2 00:28:01 CDT 2018 rsyncstash 20160614
98 files added


Tue Jul  3 00:28:01 CDT 2018 rsyncstash 20160614
119 files added


Wed Jul  4 00:28:01 CDT 2018 rsyncstash 20160614
165 files added


Thu Jul  5 00:28:01 CDT 2018 rsyncstash 20160614
73 files added


Fri Jul  6 00:28:01 CDT 2018 rsyncstash 20160614
74 files added


Sat Jul  7 00:28:01 CDT 2018 rsyncstash 20160614
56 files added


Sun Jul  8 00:28:01 CDT 2018 rsyncstash 20160614
5 files added


Mon Jul  9 00:28:02 CDT 2018 rsyncstash 20160614
54 files added


Tue Jul 10 00:28:01 CDT 2018 rsyncstash 20160614
54 files added


Wed Jul 11 00:28:02 CDT 2018 rsyncstash 20160614
41 files added


Thu Jul 12 00:28:01 CDT 2018 rsyncstash 20160614
33 files added


Fri Jul 13 00:28:01 CDT 2018 rsyncstash 20160614
0 files added


Sat Jul 14 00:28:01 CDT 2018 rsyncstash 20160614
0 files added


Sun Jul 15 00:28:01 CDT 2018 rsyncstash 20160614
0 files added


Mon Jul 16 00:28:01 CDT 2018 rsyncstash 20160614
0 files added


Tue Jul 17 00:28:01 CDT 2018 rsyncstash 20160614
0 files added


Wed Jul 18 00:28:01 CDT 2018 rsyncstash 20160614
0 files added


Thu Jul 19 00:28:01 CDT 2018 rsyncstash 20160614
0 files added


Fri Jul 20 00:28:01 CDT 2018 rsyncstash 20160614
0 files added


Sat Jul 21 00:28:01 CDT 2018 rsyncstash 20160614
ssh: connect to host anniegpvm01 port 22: No route to host
rsync: connection unexpectedly closed (0 bytes received so far) [receiver]
rsync error: unexplained error (code 255) at io.c(600) [receiver=3.0.6]
0 files added


Tue Jul 24 00:28:01 CDT 2018 rsyncstash 20160614
0 files added


Wed Jul 25 00:28:01 CDT 2018 rsyncstash 20160614
0 files added


Thu Jul 26 00:28:01 CDT 2018 rsyncstash 20160614
0 files added


Fri Jul 27 00:28:01 CDT 2018 rsyncstash 20160614
0 files added


Sat Jul 28 00:28:01 CDT 2018 rsyncstash 20160614
0 files added


Sun Jul 29 00:28:01 CDT 2018 rsyncstash 20160614
0 files added


Mon Jul 30 00:28:01 CDT 2018 rsyncstash 20160614
0 files added


Tue Jul 31 00:28:01 CDT 2018 rsyncstash 20160614
0 files added


Wed Aug  1 00:28:01 CDT 2018 rsyncstash 20160614
0 files added


Thu Aug  2 00:28:01 CDT 2018 rsyncstash 20160614
0 files added


Fri Aug  3 00:28:01 CDT 2018 rsyncstash 20160614
0 files added


Tue Aug  7 00:28:01 CDT 2018 rsyncstash 20160614
0 files added


Sun Aug  5 00:28:01 CDT 2018 rsyncstash 20160614
kinit: Resource temporarily unavailable while getting initial credentials
ssh: connect to host anniegpvm01 port 22: No route to host
rsync: connection unexpectedly closed (0 bytes received so far) [receiver]
rsync error: unexplained error (code 255) at io.c(600) [receiver=3.0.6]
0 files added


Mon Aug  6 00:28:01 CDT 2018 rsyncstash 20160614
kinit: Resource temporarily unavailable while getting initial credentials
ssh: connect to host anniegpvm01 port 22: No route to host
rsync: connection unexpectedly closed (0 bytes received so far) [receiver]
rsync error: unexplained error (code 255) at io.c(600) [receiver=3.0.6]
0 files added


Tue Aug  7 00:28:01 CDT 2018 rsyncstash 20160614
kinit: Resource temporarily unavailable while getting initial credentials
ssh: connect to host anniegpvm01 port 22: No route to host
rsync: connection unexpectedly closed (0 bytes received so far) [receiver]
rsync error: unexplained error (code 255) at io.c(600) [receiver=3.0.6]
0 files added


Wed Aug  8 00:28:01 CDT 2018 rsyncstash 20160614
kinit: Resource temporarily unavailable while getting initial credentials
ssh: Could not resolve hostname anniegpvm01: Temporary failure in name resolution
rsync: connection unexpectedly closed (0 bytes received so far) [receiver]
rsync error: unexplained error (code 255) at io.c(600) [receiver=3.0.6]
0 files added


Thu Aug  9 00:28:01 CDT 2018 rsyncstash 20160614
kinit: Resource temporarily unavailable while getting initial credentials
ssh: Could not resolve hostname anniegpvm01: Temporary failure in name resolution
rsync: connection unexpectedly closed (0 bytes received so far) [receiver]
rsync error: unexplained error (code 255) at io.c(600) [receiver=3.0.6]
0 files added


Fri Aug 10 00:28:01 CDT 2018 rsyncstash 20160614
kinit: Resource temporarily unavailable while getting initial credentials
ssh: Could not resolve hostname anniegpvm01: Temporary failure in name resolution
rsync: connection unexpectedly closed (0 bytes received so far) [receiver]
rsync error: unexplained error (code 255) at io.c(600) [receiver=3.0.6]
0 files added


Sat Aug 11 00:28:01 CDT 2018 rsyncstash 20160614
kinit: Resource temporarily unavailable while getting initial credentials
ssh: Could not resolve hostname anniegpvm01: Temporary failure in name resolution
rsync: connection unexpectedly closed (0 bytes received so far) [receiver]
rsync error: unexplained error (code 255) at io.c(600) [receiver=3.0.6]
0 files added


Sun Aug 12 00:28:02 CDT 2018 rsyncstash 20160614
kinit: Resource temporarily unavailable while getting initial credentials
ssh: Could not resolve hostname anniegpvm01: Temporary failure in name resolution
rsync: connection unexpectedly closed (0 bytes received so far) [receiver]
rsync error: unexplained error (code 255) at io.c(600) [receiver=3.0.6]
0 files added


Mon Aug 13 00:28:01 CDT 2018 rsyncstash 20160614
kinit: Resource temporarily unavailable while getting initial credentials
ssh: Could not resolve hostname anniegpvm01: Temporary failure in name resolution
rsync: connection unexpectedly closed (0 bytes received so far) [receiver]
rsync error: unexplained error (code 255) at io.c(600) [receiver=3.0.6]
0 files added


Tue Aug 14 00:28:01 CDT 2018 rsyncstash 20160614
kinit: Resource temporarily unavailable while getting initial credentials
ssh: Could not resolve hostname anniegpvm01: Temporary failure in name resolution
rsync: connection unexpectedly closed (0 bytes received so far) [receiver]
rsync error: unexplained error (code 255) at io.c(600) [receiver=3.0.6]
0 files added


Wed Aug 15 00:28:01 CDT 2018 rsyncstash 20160614
kinit: Resource temporarily unavailable while getting initial credentials
ssh: Could not resolve hostname anniegpvm01: Temporary failure in name resolution
rsync: connection unexpectedly closed (0 bytes received so far) [receiver]
rsync error: unexplained error (code 255) at io.c(600) [receiver=3.0.6]
0 files added


Thu Aug 16 00:28:01 CDT 2018 rsyncstash 20160614
kinit: Resource temporarily unavailable while getting initial credentials
ssh: Could not resolve hostname anniegpvm01: Temporary failure in name resolution
rsync: connection unexpectedly closed (0 bytes received so far) [receiver]
rsync error: unexplained error (code 255) at io.c(600) [receiver=3.0.6]
0 files added


Fri Aug 17 00:28:01 CDT 2018 rsyncstash 20160614
kinit: Resource temporarily unavailable while getting initial credentials
ssh: Could not resolve hostname anniegpvm01: Temporary failure in name resolution
rsync: connection unexpectedly closed (0 bytes received so far) [receiver]
rsync error: unexplained error (code 255) at io.c(600) [receiver=3.0.6]
0 files added


Sat Aug 18 00:28:02 CDT 2018 rsyncstash 20160614
kinit: Resource temporarily unavailable while getting initial credentials
ssh: Could not resolve hostname anniegpvm01: Temporary failure in name resolution
rsync: connection unexpectedly closed (0 bytes received so far) [receiver]
rsync error: unexplained error (code 255) at io.c(600) [receiver=3.0.6]
0 files added


Sun Aug 19 00:28:01 CDT 2018 rsyncstash 20160614
kinit: Resource temporarily unavailable while getting initial credentials
ssh: Could not resolve hostname anniegpvm01: Temporary failure in name resolution
rsync: connection unexpectedly closed (0 bytes received so far) [receiver]
rsync error: unexplained error (code 255) at io.c(600) [receiver=3.0.6]
0 files added


Mon Aug 20 00:28:01 CDT 2018 rsyncstash 20160614
kinit: Resource temporarily unavailable while getting initial credentials
ssh: Could not resolve hostname anniegpvm01: Temporary failure in name resolution
rsync: connection unexpectedly closed (0 bytes received so far) [receiver]
rsync error: unexplained error (code 255) at io.c(600) [receiver=3.0.6]
0 files added


Tue Aug 21 00:28:01 CDT 2018 rsyncstash 20160614
kinit: Resource temporarily unavailable while getting initial credentials
ssh: Could not resolve hostname anniegpvm01: Temporary failure in name resolution
rsync: connection unexpectedly closed (0 bytes received so far) [receiver]
rsync error: unexplained error (code 255) at io.c(600) [receiver=3.0.6]
0 files added


Thu Sep 20 00:28:01 CDT 2018 rsyncstash 20160614
0 files added


Fri Sep 21 00:28:01 CDT 2018 rsyncstash 20160614
0 files added


Sat Sep 22 00:28:01 CDT 2018 rsyncstash 20160614
0 files added


Sun Sep 23 00:28:01 CDT 2018 rsyncstash 20160614
0 files added


Mon Sep 24 00:28:01 CDT 2018 rsyncstash 20160614
0 files added


Tue Sep 25 00:28:01 CDT 2018 rsyncstash 20160614
0 files added


Wed Sep 26 00:28:01 CDT 2018 rsyncstash 20160614
0 files added


Thu Sep 27 00:28:01 CDT 2018 rsyncstash 20160614
0 files added


Fri Sep 28 00:28:01 CDT 2018 rsyncstash 20160614
0 files added


Sat Sep 29 00:28:01 CDT 2018 rsyncstash 20160614
0 files added


Sun Sep 30 00:28:01 CDT 2018 rsyncstash 20160614
0 files added


Mon Oct  1 00:28:01 CDT 2018 rsyncstash 20160614
0 files added


Tue Oct  2 00:28:01 CDT 2018 rsyncstash 20160614
0 files added


Wed Oct  3 00:28:01 CDT 2018 rsyncstash 20160614
0 files added


Thu Oct  4 00:28:01 CDT 2018 rsyncstash 20160614
0 files added


Fri Oct  5 00:28:01 CDT 2018 rsyncstash 20160614
0 files added


Sat Oct  6 00:28:01 CDT 2018 rsyncstash 20160614
0 files added


Sun Oct  7 00:28:01 CDT 2018 rsyncstash 20160614
0 files added


Mon Oct  8 00:28:01 CDT 2018 rsyncstash 20160614
0 files added


Tue Oct  9 00:28:01 CDT 2018 rsyncstash 20160614
0 files added


Wed Oct 10 00:28:01 CDT 2018 rsyncstash 20160614
0 files added


Thu Oct 11 00:28:01 CDT 2018 rsyncstash 20160614
0 files added


Fri Oct 12 00:28:01 CDT 2018 rsyncstash 20160614
0 files added


Sat Oct 13 00:28:01 CDT 2018 rsyncstash 20160614
0 files added


Sun Oct 14 00:28:01 CDT 2018 rsyncstash 20160614
0 files added


Mon Oct 15 00:28:01 CDT 2018 rsyncstash 20160614
0 files added


Tue Oct 16 00:28:01 CDT 2018 rsyncstash 20160614
0 files added


Wed Oct 17 00:28:01 CDT 2018 rsyncstash 20160614
0 files added
